{"contracts/Access Control Extension.sol":{"l":{},"path":"/home/c-ubuntu/code/remixd/metanoia/contracts/Access Control Extension.sol","s":{},"b":{},"f":{},"fnMap":{},"statementMap":{},"branchMap":{}},"contracts/Coding Utilities.sol":{"l":{},"path":"/home/c-ubuntu/code/remixd/metanoia/contracts/Coding Utilities.sol","s":{},"b":{},"f":{},"fnMap":{},"statementMap":{},"branchMap":{}},"contracts/dummy_contract.sol":{"l":{"15":0,"16":0,"21":0},"path":"/home/c-ubuntu/code/remixd/metanoia/contracts/dummy_contract.sol","s":{"1":0,"2":0,"3":0},"b":{},"f":{"1":0,"2":0},"fnMap":{"1":{"name":"store","line":14,"loc":{"start":{"line":14,"column":4},"end":{"line":17,"column":4}}},"2":{"name":"retrieve","line":20,"loc":{"start":{"line":20,"column":4},"end":{"line":22,"column":4}}}},"statementMap":{"1":{"start":{"line":15,"column":8},"end":{"line":15,"column":21}},"2":{"start":{"line":16,"column":8},"end":{"line":16,"column":32}},"3":{"start":{"line":21,"column":8},"end":{"line":21,"column":21}}},"branchMap":{}},"contracts/DynamicVars.sol":{"l":{"14":0,"19":0,"20":0},"path":"/home/c-ubuntu/code/remixd/metanoia/contracts/DynamicVars.sol","s":{"1":0,"2":0,"3":0},"b":{},"f":{"1":0,"2":0},"fnMap":{"1":{"name":"declareStringVar","line":13,"loc":{"start":{"line":13,"column":4},"end":{"line":15,"column":4}}},"2":{"name":"setStringVarValue","line":17,"loc":{"start":{"line":17,"column":4},"end":{"line":21,"column":4}}}},"statementMap":{"1":{"start":{"line":14,"column":8},"end":{"line":14,"column":37}},"2":{"start":{"line":19,"column":8},"end":{"line":19,"column":32}},"3":{"start":{"line":20,"column":8},"end":{"line":20,"column":35}}},"branchMap":{}},"contracts/ERC1155 Redeemer.sol":{"l":{"45":0,"46":0,"51":0,"52":0,"56":0,"61":0,"63":0,"64":0,"65":0,"66":0,"77":0,"83":0,"88":0,"91":0,"92":0,"98":0},"path":"/home/c-ubuntu/code/remixd/metanoia/contracts/ERC1155 Redeemer.sol","s":{"1":0,"2":0,"3":0,"4":0,"5":0,"6":0,"7":0,"8":0,"9":0,"10":0,"11":0,"12":0,"13":0,"14":0,"15":0,"16":0},"b":{"1":[0,0],"2":[0,0],"3":[0,0],"4":[0,0],"5":[0,0],"6":[0,0]},"f":{"1":0,"2":0,"3":0,"4":0},"fnMap":{"1":{"name":"onERC1155Received","line":38,"loc":{"start":{"line":38,"column":4},"end":{"line":67,"column":4}}},"2":{"name":"onERC1155BatchReceived","line":70,"loc":{"start":{"line":70,"column":4},"end":{"line":78,"column":4}}},"3":{"name":"returnERC1155","line":82,"loc":{"start":{"line":82,"column":4},"end":{"line":93,"column":4}}},"4":{"name":"checkThisContractsBalance","line":96,"loc":{"start":{"line":96,"column":4},"end":{"line":99,"column":4}}}},"statementMap":{"1":{"start":{"line":45,"column":8},"end":{"line":45,"column":66}},"2":{"start":{"line":46,"column":8},"end":{"line":46,"column":1540}},"3":{"start":{"line":51,"column":8},"end":{"line":51,"column":1766}},"4":{"start":{"line":52,"column":12},"end":{"line":52,"column":1849}},"5":{"start":{"line":56,"column":12},"end":{"line":56,"column":2017}},"6":{"start":{"line":61,"column":12},"end":{"line":61,"column":86}},"7":{"start":{"line":63,"column":8},"end":{"line":63,"column":68}},"8":{"start":{"line":64,"column":8},"end":{"line":64,"column":43}},"9":{"start":{"line":65,"column":8},"end":{"line":65,"column":94}},"10":{"start":{"line":66,"column":8},"end":{"line":66,"column":46}},"11":{"start":{"line":77,"column":8},"end":{"line":77,"column":79}},"12":{"start":{"line":83,"column":8},"end":{"line":83,"column":3150}},"13":{"start":{"line":88,"column":8},"end":{"line":88,"column":3387}},"14":{"start":{"line":91,"column":8},"end":{"line":91,"column":78}},"15":{"start":{"line":92,"column":8},"end":{"line":92,"column":44}},"16":{"start":{"line":98,"column":8},"end":{"line":98,"column":68}}},"branchMap":{"1":{"line":45,"type":"if","locations":[{"start":{"line":45,"column":8},"end":{"line":45,"column":8}},{"start":{"line":45,"column":8},"end":{"line":45,"column":8}}]},"2":{"line":46,"type":"if","locations":[{"start":{"line":46,"column":8},"end":{"line":46,"column":8}},{"start":{"line":46,"column":8},"end":{"line":46,"column":8}}]},"3":{"line":52,"type":"if","locations":[{"start":{"line":52,"column":12},"end":{"line":52,"column":12}},{"start":{"line":52,"column":12},"end":{"line":52,"column":12}}]},"4":{"line":56,"type":"if","locations":[{"start":{"line":56,"column":12},"end":{"line":56,"column":12}},{"start":{"line":56,"column":12},"end":{"line":56,"column":12}}]},"5":{"line":83,"type":"if","locations":[{"start":{"line":83,"column":8},"end":{"line":83,"column":8}},{"start":{"line":83,"column":8},"end":{"line":83,"column":8}}]},"6":{"line":88,"type":"if","locations":[{"start":{"line":88,"column":8},"end":{"line":88,"column":8}},{"start":{"line":88,"column":8},"end":{"line":88,"column":8}}]}}},"contracts/ERC1155MultiUri_UserUpgradeable_ModeratedUris.sol":{"l":{"55":0,"61":0,"76":0,"80":0,"87":0,"88":0,"101":0},"path":"/home/c-ubuntu/code/remixd/metanoia/contracts/ERC1155MultiUri_UserUpgradeable_ModeratedUris.sol","s":{"1":0,"2":0,"3":0,"4":0,"5":0,"6":0,"7":0},"b":{"1":[0,0],"2":[0,0],"3":[0,0]},"f":{"1":0,"2":0,"3":0,"4":0},"fnMap":{"1":{"name":"safeUpdateURI","line":50,"loc":{"start":{"line":50,"column":4},"end":{"line":62,"column":4}}},"2":{"name":"_mintWithURI","line":75,"loc":{"start":{"line":69,"column":4},"end":{"line":89,"column":4}}},"3":{"name":"constructor","line":91,"loc":{"start":{"line":91,"column":4},"end":{"line":93,"column":4}}},"4":{"name":"supportsInterface","line":99,"loc":{"start":{"line":99,"column":4},"end":{"line":106,"column":4}}}},"statementMap":{"1":{"start":{"line":55,"column":8},"end":{"line":55,"column":2224}},"2":{"start":{"line":61,"column":8},"end":{"line":61,"column":40}},"3":{"start":{"line":76,"column":8},"end":{"line":76,"column":2870}},"4":{"start":{"line":80,"column":8},"end":{"line":80,"column":2992}},"5":{"start":{"line":87,"column":8},"end":{"line":87,"column":26}},"6":{"start":{"line":88,"column":8},"end":{"line":88,"column":34}},"7":{"start":{"line":101,"column":8},"end":{"line":101,"column":3572}}},"branchMap":{"1":{"line":55,"type":"if","locations":[{"start":{"line":55,"column":8},"end":{"line":55,"column":8}},{"start":{"line":55,"column":8},"end":{"line":55,"column":8}}]},"2":{"line":76,"type":"if","locations":[{"start":{"line":76,"column":8},"end":{"line":76,"column":8}},{"start":{"line":76,"column":8},"end":{"line":76,"column":8}}]},"3":{"line":80,"type":"if","locations":[{"start":{"line":80,"column":8},"end":{"line":80,"column":8}},{"start":{"line":80,"column":8},"end":{"line":80,"column":8}}]}}},"contracts/ERC1155MultiUri_UserUpgradeable.sol":{"l":{"41":0,"42":0,"55":0,"64":0,"76":0,"80":0,"84":0,"85":0,"93":0,"108":0,"113":0,"114":0,"127":0,"129":0},"path":"/home/c-ubuntu/code/remixd/metanoia/contracts/ERC1155MultiUri_UserUpgradeable.sol","s":{"1":0,"2":0,"3":0,"4":0,"5":0,"6":0,"7":0,"8":0,"9":0,"10":0,"11":0,"12":0,"13":0},"b":{"1":[0,0],"2":[0,0],"3":[0,0],"4":[0,0],"5":[0,0],"6":[0,0]},"f":{"1":0,"2":0,"3":0,"4":0,"5":0,"6":0},"fnMap":{"1":{"name":"mintsTokens","line":40,"loc":{"start":{"line":40,"column":4},"end":{"line":43,"column":4}}},"2":{"name":"isPermanentlyUnique","line":54,"loc":{"start":{"line":54,"column":4},"end":{"line":56,"column":4}}},"3":{"name":"_lockMinting","line":63,"loc":{"start":{"line":63,"column":4},"end":{"line":65,"column":4}}},"4":{"name":"_safeUpdateURI","line":71,"loc":{"start":{"line":71,"column":4},"end":{"line":94,"column":4}}},"5":{"name":"_mintWithURI","line":107,"loc":{"start":{"line":101,"column":4},"end":{"line":115,"column":4}}},"6":{"name":"_mintWithoutURI","line":126,"loc":{"start":{"line":121,"column":4},"end":{"line":130,"column":4}}}},"statementMap":{"1":{"start":{"line":41,"column":8},"end":{"line":41,"column":61}},"2":{"start":{"line":55,"column":8},"end":{"line":55,"column":59}},"3":{"start":{"line":64,"column":8},"end":{"line":64,"column":32}},"4":{"start":{"line":76,"column":8},"end":{"line":76,"column":2756}},"5":{"start":{"line":80,"column":8},"end":{"line":80,"column":2940}},"6":{"start":{"line":84,"column":8},"end":{"line":84,"column":50}},"7":{"start":{"line":85,"column":8},"end":{"line":85,"column":3130}},"8":{"start":{"line":93,"column":8},"end":{"line":93,"column":26}},"9":{"start":{"line":108,"column":8},"end":{"line":108,"column":3804}},"10":{"start":{"line":113,"column":8},"end":{"line":113,"column":26}},"11":{"start":{"line":114,"column":8},"end":{"line":114,"column":34}},"12":{"start":{"line":127,"column":8},"end":{"line":127,"column":68}},"13":{"start":{"line":129,"column":8},"end":{"line":129,"column":34}}},"branchMap":{"1":{"line":41,"type":"if","locations":[{"start":{"line":41,"column":8},"end":{"line":41,"column":8}},{"start":{"line":41,"column":8},"end":{"line":41,"column":8}}]},"2":{"line":76,"type":"if","locations":[{"start":{"line":76,"column":8},"end":{"line":76,"column":8}},{"start":{"line":76,"column":8},"end":{"line":76,"column":8}}]},"3":{"line":80,"type":"if","locations":[{"start":{"line":80,"column":8},"end":{"line":80,"column":8}},{"start":{"line":80,"column":8},"end":{"line":80,"column":8}}]},"4":{"line":85,"type":"if","locations":[{"start":{"line":85,"column":8},"end":{"line":85,"column":8}},{"start":{"line":85,"column":8},"end":{"line":85,"column":8}}]},"5":{"line":108,"type":"if","locations":[{"start":{"line":108,"column":8},"end":{"line":108,"column":8}},{"start":{"line":108,"column":8},"end":{"line":108,"column":8}}]},"6":{"line":127,"type":"if","locations":[{"start":{"line":127,"column":8},"end":{"line":127,"column":8}},{"start":{"line":127,"column":8},"end":{"line":127,"column":8}}]}}},"contracts/ERC1155MultiUri.sol":{"l":{"52":0,"56":0,"66":0,"68":0,"69":0,"78":0,"80":0},"path":"/home/c-ubuntu/code/remixd/metanoia/contracts/ERC1155MultiUri.sol","s":{"1":0,"2":0,"3":0,"4":0,"5":0,"6":0,"7":0},"b":{"1":[0,0],"2":[0,0]},"f":{"1":0,"2":0,"3":0,"4":0},"fnMap":{"1":{"name":"uri","line":50,"loc":{"start":{"line":50,"column":4},"end":{"line":53,"column":4}}},"2":{"name":"_setURI","line":55,"loc":{"start":{"line":55,"column":4},"end":{"line":57,"column":4}}},"3":{"name":"_mintWithURI","line":59,"loc":{"start":{"line":59,"column":4},"end":{"line":70,"column":4}}},"4":{"name":"_mintWithoutURI","line":72,"loc":{"start":{"line":72,"column":4},"end":{"line":81,"column":4}}}},"statementMap":{"1":{"start":{"line":52,"column":8},"end":{"line":52,"column":24}},"2":{"start":{"line":56,"column":8},"end":{"line":56,"column":25}},"3":{"start":{"line":66,"column":8},"end":{"line":66,"column":72}},"4":{"start":{"line":68,"column":8},"end":{"line":68,"column":26}},"5":{"start":{"line":69,"column":8},"end":{"line":69,"column":34}},"6":{"start":{"line":78,"column":8},"end":{"line":78,"column":68}},"7":{"start":{"line":80,"column":8},"end":{"line":80,"column":34}}},"branchMap":{"1":{"line":66,"type":"if","locations":[{"start":{"line":66,"column":8},"end":{"line":66,"column":8}},{"start":{"line":66,"column":8},"end":{"line":66,"column":8}}]},"2":{"line":78,"type":"if","locations":[{"start":{"line":78,"column":8},"end":{"line":78,"column":8}},{"start":{"line":78,"column":8},"end":{"line":78,"column":8}}]}}},"contracts/ERC1155OnChainMetadatas.sol":{"l":{"61":0,"62":0,"64":0,"76":0,"77":0,"90":0,"95":0,"96":0,"97":0,"98":0,"99":0,"100":0,"103":0,"105":0,"106":0,"107":0,"108":0,"109":0,"110":0,"111":0,"112":0,"117":0,"118":0,"120":0,"121":0,"122":0,"123":0,"135":0,"146":0,"149":0,"164":0,"172":0,"177":0,"178":0,"181":0,"184":0,"187":0,"190":0,"193":0,"196":0,"201":0,"202":0,"204":0,"209":0,"210":0,"213":0,"226":0,"227":0,"229":0,"230":0,"232":0,"234":0,"235":0,"238":0,"241":0,"258":0,"260":0,"261":0,"272":0,"273":0,"274":0,"277":0,"280":0,"285":0,"286":0,"287":0,"289":0,"293":0,"307":0,"310":0,"313":0,"316":0,"318":0,"356":0,"360":0,"362":0,"363":0,"366":0,"369":0,"372":0,"374":0,"419":0},"path":"/home/c-ubuntu/code/remixd/metanoia/contracts/ERC1155OnChainMetadatas.sol","s":{"1":0,"2":0,"3":0,"4":0,"5":0,"6":0,"7":0,"8":0,"9":0,"10":0,"11":0,"12":0,"13":0,"14":0,"15":0,"16":0,"17":0,"18":0,"19":0,"20":0,"21":0,"22":0,"23":0,"24":0,"25":0,"26":0,"27":0,"28":0,"29":0,"30":0,"31":0,"32":0,"33":0,"34":0,"35":0,"36":0,"37":0,"38":0,"39":0,"40":0,"41":0,"42":0,"43":0,"44":0,"45":0,"46":0,"47":0,"48":0,"49":0,"50":0,"51":0,"52":0,"53":0,"54":0,"55":0,"56":0,"57":0,"58":0,"59":0,"60":0,"61":0,"62":0,"63":0,"64":0,"65":0,"66":0,"67":0,"68":0,"69":0,"70":0,"71":0,"72":0,"73":0,"74":0,"75":0,"76":0,"77":0,"78":0,"79":0,"80":0,"81":0,"82":0,"83":0},"b":{"1":[0,0],"2":[0,0],"3":[0,0],"4":[0,0],"5":[0,0],"6":[0,0],"7":[0,0],"8":[0,0],"9":[0,0],"10":[0,0],"11":[0,0],"12":[0,0],"13":[0,0],"14":[0,0],"15":[0,0],"16":[0,0],"17":[0,0],"18":[0,0],"19":[0,0],"20":[0,0],"21":[0,0],"22":[0,0]},"f":{"1":0,"2":0,"3":0,"4":0,"5":0,"6":0,"7":0,"8":0,"9":0,"10":0,"11":0,"12":0,"13":0,"14":0},"fnMap":{"1":{"name":"_mintWithAttributes","line":48,"loc":{"start":{"line":48,"column":4},"end":{"line":68,"column":4}}},"2":{"name":"_mintWithoutAttributes","line":70,"loc":{"start":{"line":70,"column":4},"end":{"line":78,"column":4}}},"3":{"name":"setAttributes","line":80,"loc":{"start":{"line":80,"column":4},"end":{"line":114,"column":4}}},"4":{"name":"uri","line":116,"loc":{"start":{"line":116,"column":1},"end":{"line":165,"column":1}}},"5":{"name":"compareStrings","line":171,"loc":{"start":{"line":171,"column":4},"end":{"line":173,"column":4}}},"6":{"name":"typeToString","line":175,"loc":{"start":{"line":175,"column":4},"end":{"line":198,"column":4}}},"7":{"name":"boolToString","line":200,"loc":{"start":{"line":200,"column":1},"end":{"line":206,"column":1}}},"8":{"name":"intToString","line":208,"loc":{"start":{"line":208,"column":4},"end":{"line":215,"column":4}}},"9":{"name":"bytesToString","line":225,"loc":{"start":{"line":225,"column":4},"end":{"line":269,"column":4}}},"10":{"name":"bytesToBool","line":271,"loc":{"start":{"line":271,"column":4},"end":{"line":282,"column":4}}},"11":{"name":"bytesToUint","line":284,"loc":{"start":{"line":284,"column":4},"end":{"line":290,"column":4}}},"12":{"name":"bytesToAddress","line":292,"loc":{"start":{"line":292,"column":4},"end":{"line":296,"column":4}}},"13":{"name":"encode","line":306,"loc":{"start":{"line":306,"column":4},"end":{"line":357,"column":4}}},"14":{"name":"decode","line":359,"loc":{"start":{"line":359,"column":4},"end":{"line":420,"column":4}}}},"statementMap":{"1":{"start":{"line":61,"column":8},"end":{"line":61,"column":72}},"2":{"start":{"line":62,"column":8},"end":{"line":62,"column":34}},"3":{"start":{"line":64,"column":8},"end":{"line":64,"column":2081}},"4":{"start":{"line":76,"column":8},"end":{"line":76,"column":68}},"5":{"start":{"line":77,"column":8},"end":{"line":77,"column":34}},"6":{"start":{"line":90,"column":8},"end":{"line":90,"column":2867}},"7":{"start":{"line":95,"column":8},"end":{"line":95,"column":3133}},"8":{"start":{"line":96,"column":12},"end":{"line":96,"column":31}},"9":{"start":{"line":97,"column":12},"end":{"line":97,"column":3235}},"10":{"start":{"line":98,"column":16},"end":{"line":98,"column":3307}},"11":{"start":{"line":99,"column":20},"end":{"line":99,"column":40}},"12":{"start":{"line":103,"column":12},"end":{"line":103,"column":91}},"13":{"start":{"line":105,"column":8},"end":{"line":105,"column":33}},"14":{"start":{"line":106,"column":8},"end":{"line":106,"column":47}},"15":{"start":{"line":107,"column":8},"end":{"line":107,"column":41}},"16":{"start":{"line":108,"column":8},"end":{"line":108,"column":3738}},"17":{"start":{"line":109,"column":12},"end":{"line":109,"column":102}},"18":{"start":{"line":110,"column":12},"end":{"line":110,"column":110}},"19":{"start":{"line":111,"column":12},"end":{"line":111,"column":102}},"20":{"start":{"line":112,"column":12},"end":{"line":112,"column":72}},"21":{"start":{"line":117,"column":8},"end":{"line":117,"column":41}},"22":{"start":{"line":118,"column":8},"end":{"line":118,"column":36}},"23":{"start":{"line":120,"column":8},"end":{"line":120,"column":4381}},"24":{"start":{"line":121,"column":12},"end":{"line":121,"column":39}},"25":{"start":{"line":122,"column":12},"end":{"line":122,"column":4503}},"26":{"start":{"line":123,"column":16},"end":{"line":123,"column":34}},"27":{"start":{"line":135,"column":12},"end":{"line":135,"column":5061}},"28":{"start":{"line":146,"column":8},"end":{"line":146,"column":5460}},"29":{"start":{"line":149,"column":2},"end":{"line":149,"column":5522}},"30":{"start":{"line":164,"column":2},"end":{"line":164,"column":72}},"31":{"start":{"line":172,"column":8},"end":{"line":172,"column":85}},"32":{"start":{"line":177,"column":8},"end":{"line":177,"column":6688}},"33":{"start":{"line":178,"column":12},"end":{"line":178,"column":51}},"34":{"start":{"line":180,"column":13},"end":{"line":180,"column":6805}},"35":{"start":{"line":181,"column":12},"end":{"line":181,"column":55}},"36":{"start":{"line":183,"column":13},"end":{"line":183,"column":6926}},"37":{"start":{"line":184,"column":12},"end":{"line":184,"column":55}},"38":{"start":{"line":186,"column":13},"end":{"line":186,"column":7046}},"39":{"start":{"line":187,"column":12},"end":{"line":187,"column":61}},"40":{"start":{"line":189,"column":13},"end":{"line":189,"column":7176}},"41":{"start":{"line":190,"column":12},"end":{"line":190,"column":32}},"42":{"start":{"line":192,"column":13},"end":{"line":192,"column":7276}},"43":{"start":{"line":193,"column":12},"end":{"line":193,"column":39}},"44":{"start":{"line":196,"column":12},"end":{"line":196,"column":76}},"45":{"start":{"line":201,"column":2},"end":{"line":201,"column":7562}},"46":{"start":{"line":202,"column":3},"end":{"line":202,"column":16}},"47":{"start":{"line":204,"column":3},"end":{"line":204,"column":17}},"48":{"start":{"line":209,"column":8},"end":{"line":209,"column":7731}},"49":{"start":{"line":210,"column":12},"end":{"line":210,"column":82}},"50":{"start":{"line":213,"column":12},"end":{"line":213,"column":46}},"51":{"start":{"line":226,"column":8},"end":{"line":226,"column":25}},"52":{"start":{"line":227,"column":8},"end":{"line":227,"column":40}},"53":{"start":{"line":229,"column":8},"end":{"line":229,"column":44}},"54":{"start":{"line":230,"column":8},"end":{"line":230,"column":35}},"55":{"start":{"line":232,"column":8},"end":{"line":232,"column":8487}},"56":{"start":{"line":235,"column":12},"end":{"line":235,"column":32}},"57":{"start":{"line":238,"column":8},"end":{"line":238,"column":45}},"58":{"start":{"line":258,"column":8},"end":{"line":258,"column":9440}},"59":{"start":{"line":260,"column":12},"end":{"line":260,"column":44}},"60":{"start":{"line":272,"column":8},"end":{"line":272,"column":104}},"61":{"start":{"line":273,"column":8},"end":{"line":273,"column":10009}},"62":{"start":{"line":274,"column":12},"end":{"line":274,"column":24}},"63":{"start":{"line":276,"column":13},"end":{"line":276,"column":10078}},"64":{"start":{"line":277,"column":12},"end":{"line":277,"column":23}},"65":{"start":{"line":280,"column":12},"end":{"line":280,"column":109}},"66":{"start":{"line":285,"column":8},"end":{"line":285,"column":22}},"67":{"start":{"line":286,"column":8},"end":{"line":286,"column":10383}},"68":{"start":{"line":287,"column":12},"end":{"line":287,"column":72}},"69":{"start":{"line":289,"column":8},"end":{"line":289,"column":21}},"70":{"start":{"line":307,"column":8},"end":{"line":307,"column":39}},"71":{"start":{"line":307,"column":30},"end":{"line":307,"column":39}},"72":{"start":{"line":310,"column":8},"end":{"line":310,"column":42}},"73":{"start":{"line":313,"column":8},"end":{"line":313,"column":56}},"74":{"start":{"line":316,"column":8},"end":{"line":316,"column":58}},"75":{"start":{"line":356,"column":8},"end":{"line":356,"column":21}},"76":{"start":{"line":360,"column":8},"end":{"line":360,"column":40}},"77":{"start":{"line":362,"column":8},"end":{"line":362,"column":49}},"78":{"start":{"line":362,"column":30},"end":{"line":362,"column":49}},"79":{"start":{"line":363,"column":8},"end":{"line":363,"column":68}},"80":{"start":{"line":366,"column":8},"end":{"line":366,"column":41}},"81":{"start":{"line":369,"column":8},"end":{"line":369,"column":50}},"82":{"start":{"line":372,"column":8},"end":{"line":372,"column":56}},"83":{"start":{"line":419,"column":8},"end":{"line":419,"column":21}}},"branchMap":{"1":{"line":61,"type":"if","locations":[{"start":{"line":61,"column":8},"end":{"line":61,"column":8}},{"start":{"line":61,"column":8},"end":{"line":61,"column":8}}]},"2":{"line":76,"type":"if","locations":[{"start":{"line":76,"column":8},"end":{"line":76,"column":8}},{"start":{"line":76,"column":8},"end":{"line":76,"column":8}}]},"3":{"line":90,"type":"if","locations":[{"start":{"line":90,"column":8},"end":{"line":90,"column":8}},{"start":{"line":90,"column":8},"end":{"line":90,"column":8}}]},"4":{"line":98,"type":"if","locations":[{"start":{"line":98,"column":16},"end":{"line":98,"column":16}},{"start":{"line":98,"column":16},"end":{"line":98,"column":16}}]},"5":{"line":103,"type":"if","locations":[{"start":{"line":103,"column":12},"end":{"line":103,"column":12}},{"start":{"line":103,"column":12},"end":{"line":103,"column":12}}]},"6":{"line":122,"type":"if","locations":[{"start":{"line":122,"column":12},"end":{"line":122,"column":12}},{"start":{"line":122,"column":12},"end":{"line":122,"column":12}}]},"7":{"line":177,"type":"if","locations":[{"start":{"line":177,"column":8},"end":{"line":177,"column":8}},{"start":{"line":177,"column":8},"end":{"line":177,"column":8}}]},"8":{"line":180,"type":"if","locations":[{"start":{"line":180,"column":13},"end":{"line":180,"column":13}},{"start":{"line":180,"column":13},"end":{"line":180,"column":13}}]},"9":{"line":183,"type":"if","locations":[{"start":{"line":183,"column":13},"end":{"line":183,"column":13}},{"start":{"line":183,"column":13},"end":{"line":183,"column":13}}]},"10":{"line":186,"type":"if","locations":[{"start":{"line":186,"column":13},"end":{"line":186,"column":13}},{"start":{"line":186,"column":13},"end":{"line":186,"column":13}}]},"11":{"line":189,"type":"if","locations":[{"start":{"line":189,"column":13},"end":{"line":189,"column":13}},{"start":{"line":189,"column":13},"end":{"line":189,"column":13}}]},"12":{"line":192,"type":"if","locations":[{"start":{"line":192,"column":13},"end":{"line":192,"column":13}},{"start":{"line":192,"column":13},"end":{"line":192,"column":13}}]},"13":{"line":201,"type":"if","locations":[{"start":{"line":201,"column":2},"end":{"line":201,"column":2}},{"start":{"line":201,"column":2},"end":{"line":201,"column":2}}]},"14":{"line":209,"type":"if","locations":[{"start":{"line":209,"column":8},"end":{"line":209,"column":8}},{"start":{"line":209,"column":8},"end":{"line":209,"column":8}}]},"15":{"line":232,"type":"if","locations":[{"start":{"line":232,"column":8},"end":{"line":232,"column":8}},{"start":{"line":232,"column":8},"end":{"line":232,"column":8}}]},"16":{"line":258,"type":"if","locations":[{"start":{"line":258,"column":8},"end":{"line":258,"column":8}},{"start":{"line":258,"column":8},"end":{"line":258,"column":8}}]},"17":{"line":272,"type":"if","locations":[{"start":{"line":272,"column":8},"end":{"line":272,"column":8}},{"start":{"line":272,"column":8},"end":{"line":272,"column":8}}]},"18":{"line":273,"type":"if","locations":[{"start":{"line":273,"column":8},"end":{"line":273,"column":8}},{"start":{"line":273,"column":8},"end":{"line":273,"column":8}}]},"19":{"line":276,"type":"if","locations":[{"start":{"line":276,"column":13},"end":{"line":276,"column":13}},{"start":{"line":276,"column":13},"end":{"line":276,"column":13}}]},"20":{"line":307,"type":"if","locations":[{"start":{"line":307,"column":8},"end":{"line":307,"column":8}},{"start":{"line":307,"column":8},"end":{"line":307,"column":8}}]},"21":{"line":362,"type":"if","locations":[{"start":{"line":362,"column":8},"end":{"line":362,"column":8}},{"start":{"line":362,"column":8},"end":{"line":362,"column":8}}]},"22":{"line":363,"type":"if","locations":[{"start":{"line":363,"column":8},"end":{"line":363,"column":8}},{"start":{"line":363,"column":8},"end":{"line":363,"column":8}}]}}},"contracts/Founding Citizens NFT Mint Storage.sol":{"l":{"58":0,"63":0,"64":0,"66":0,"67":0,"72":0,"73":0,"77":0,"78":0,"79":0,"83":0,"87":0,"95":0,"100":0,"101":0,"102":0,"103":0,"104":0,"112":0,"117":0,"123":0,"124":0},"path":"/home/c-ubuntu/code/remixd/metanoia/contracts/Founding Citizens NFT Mint Storage.sol","s":{"1":0,"2":0,"3":0,"4":0,"5":0,"6":0,"7":0,"8":0,"9":0,"10":0,"11":0,"12":0,"13":0,"14":0,"15":0,"16":0,"17":0,"18":0,"19":0,"20":0},"b":{"1":[0,0],"2":[0,0],"3":[0,0],"4":[0,0],"5":[0,0],"6":[0,0]},"f":{"1":0,"2":0,"3":0,"4":0,"5":0,"6":0,"7":0},"fnMap":{"1":{"name":"isNewMint","line":57,"loc":{"start":{"line":57,"column":4},"end":{"line":68,"column":4}}},"2":{"name":"constructor","line":71,"loc":{"start":{"line":71,"column":4},"end":{"line":74,"column":4}}},"3":{"name":"initialize","line":76,"loc":{"start":{"line":76,"column":4},"end":{"line":80,"column":4}}},"4":{"name":"getNextUnusedToken","line":82,"loc":{"start":{"line":82,"column":4},"end":{"line":84,"column":4}}},"5":{"name":"getMaxSupply","line":86,"loc":{"start":{"line":86,"column":4},"end":{"line":88,"column":4}}},"6":{"name":"preLoadURIs","line":94,"loc":{"start":{"line":94,"column":4},"end":{"line":106,"column":4}}},"7":{"name":"mintNextNftToAddress","line":111,"loc":{"start":{"line":111,"column":4},"end":{"line":125,"column":4}}}},"statementMap":{"1":{"start":{"line":58,"column":8},"end":{"line":58,"column":66}},"2":{"start":{"line":63,"column":8},"end":{"line":63,"column":2157}},"3":{"start":{"line":64,"column":12},"end":{"line":64,"column":41}},"4":{"start":{"line":66,"column":8},"end":{"line":66,"column":32}},"5":{"start":{"line":72,"column":8},"end":{"line":72,"column":46}},"6":{"start":{"line":73,"column":8},"end":{"line":73,"column":25}},"7":{"start":{"line":77,"column":8},"end":{"line":77,"column":59}},"8":{"start":{"line":78,"column":8},"end":{"line":78,"column":46}},"9":{"start":{"line":79,"column":8},"end":{"line":79,"column":25}},"10":{"start":{"line":83,"column":8},"end":{"line":83,"column":30}},"11":{"start":{"line":87,"column":8},"end":{"line":87,"column":24}},"12":{"start":{"line":95,"column":8},"end":{"line":95,"column":3164}},"13":{"start":{"line":100,"column":8},"end":{"line":100,"column":3351}},"14":{"start":{"line":101,"column":12},"end":{"line":101,"column":28}},"15":{"start":{"line":102,"column":12},"end":{"line":102,"column":39}},"16":{"start":{"line":103,"column":12},"end":{"line":103,"column":71}},"17":{"start":{"line":104,"column":12},"end":{"line":104,"column":27}},"18":{"start":{"line":112,"column":8},"end":{"line":112,"column":3753}},"19":{"start":{"line":117,"column":8},"end":{"line":117,"column":3936}},"20":{"start":{"line":123,"column":8},"end":{"line":123,"column":69}}},"branchMap":{"1":{"line":58,"type":"if","locations":[{"start":{"line":58,"column":8},"end":{"line":58,"column":8}},{"start":{"line":58,"column":8},"end":{"line":58,"column":8}}]},"2":{"line":63,"type":"if","locations":[{"start":{"line":63,"column":8},"end":{"line":63,"column":8}},{"start":{"line":63,"column":8},"end":{"line":63,"column":8}}]},"3":{"line":95,"type":"if","locations":[{"start":{"line":95,"column":8},"end":{"line":95,"column":8}},{"start":{"line":95,"column":8},"end":{"line":95,"column":8}}]},"4":{"line":103,"type":"if","locations":[{"start":{"line":103,"column":12},"end":{"line":103,"column":12}},{"start":{"line":103,"column":12},"end":{"line":103,"column":12}}]},"5":{"line":112,"type":"if","locations":[{"start":{"line":112,"column":8},"end":{"line":112,"column":8}},{"start":{"line":112,"column":8},"end":{"line":112,"column":8}}]},"6":{"line":117,"type":"if","locations":[{"start":{"line":117,"column":8},"end":{"line":117,"column":8}},{"start":{"line":117,"column":8},"end":{"line":117,"column":8}}]}}},"contracts/Founding Citizens NFT Sale Privileged Buyers List Storage.sol":{"l":{"65":0,"69":0,"73":0,"77":0,"81":0,"82":0,"84":0,"87":0,"91":0,"98":0,"99":0,"100":0,"109":0,"115":0,"116":0,"118":0,"119":0,"121":0,"122":0,"124":0,"125":0,"127":0,"131":0,"136":0,"137":0,"140":0,"142":0,"145":0,"151":0,"157":0,"159":0,"160":0,"164":0,"165":0,"168":0,"169":0,"170":0,"171":0,"176":0,"182":0,"183":0,"185":0,"186":0,"192":0,"198":0,"202":0,"203":0,"204":0,"205":0,"206":0,"207":0,"208":0},"path":"/home/c-ubuntu/code/remixd/metanoia/contracts/Founding Citizens NFT Sale Privileged Buyers List Storage.sol","s":{"1":0,"2":0,"3":0,"4":0,"5":0,"6":0,"7":0,"8":0,"9":0,"10":0,"11":0,"12":0,"13":0,"14":0,"15":0,"16":0,"17":0,"18":0,"19":0,"20":0,"21":0,"22":0,"23":0,"24":0,"25":0,"26":0,"27":0,"28":0,"29":0,"30":0,"31":0,"32":0,"33":0,"34":0,"35":0,"36":0,"37":0,"38":0,"39":0,"40":0,"41":0,"42":0,"43":0,"44":0},"b":{"1":[0,0],"2":[0,0],"3":[0,0],"4":[0,0],"5":[0,0],"6":[0,0],"7":[0,0],"8":[0,0],"9":[0,0],"10":[0,0],"11":[0,0]},"f":{"1":0,"2":0,"3":0,"4":0,"5":0,"6":0,"7":0,"8":0,"9":0,"10":0,"11":0,"12":0,"13":0},"fnMap":{"1":{"name":"idOf","line":64,"loc":{"start":{"line":64,"column":4},"end":{"line":66,"column":4}}},"2":{"name":"couponListLength","line":68,"loc":{"start":{"line":68,"column":4},"end":{"line":70,"column":4}}},"3":{"name":"addressExists","line":72,"loc":{"start":{"line":72,"column":4},"end":{"line":74,"column":4}}},"4":{"name":"addressHasCoupon","line":76,"loc":{"start":{"line":76,"column":4},"end":{"line":78,"column":4}}},"5":{"name":"addressHasCoupon","line":80,"loc":{"start":{"line":80,"column":4},"end":{"line":88,"column":4}}},"6":{"name":"addAddress","line":90,"loc":{"start":{"line":90,"column":4},"end":{"line":101,"column":4}}},"7":{"name":"removeAddress","line":108,"loc":{"start":{"line":108,"column":4},"end":{"line":128,"column":4}}},"8":{"name":"addCoupon","line":130,"loc":{"start":{"line":130,"column":4},"end":{"line":148,"column":4}}},"9":{"name":"removeCoupon","line":150,"loc":{"start":{"line":150,"column":4},"end":{"line":161,"column":4}}},"10":{"name":"_reduceCouponUses","line":163,"loc":{"start":{"line":163,"column":4},"end":{"line":173,"column":4}}},"11":{"name":"reduceCouponUses","line":175,"loc":{"start":{"line":175,"column":4},"end":{"line":189,"column":4}}},"12":{"name":"useCoupon","line":191,"loc":{"start":{"line":191,"column":4},"end":{"line":199,"column":4}}},"13":{"name":"_initList","line":201,"loc":{"start":{"line":201,"column":4},"end":{"line":210,"column":4}}}},"statementMap":{"1":{"start":{"line":65,"column":8},"end":{"line":65,"column":40}},"2":{"start":{"line":69,"column":8},"end":{"line":69,"column":61}},"3":{"start":{"line":73,"column":8},"end":{"line":73,"column":36}},"4":{"start":{"line":77,"column":8},"end":{"line":77,"column":68}},"5":{"start":{"line":81,"column":8},"end":{"line":81,"column":2561}},"6":{"start":{"line":82,"column":12},"end":{"line":82,"column":2633}},"7":{"start":{"line":84,"column":16},"end":{"line":84,"column":27}},"8":{"start":{"line":87,"column":8},"end":{"line":87,"column":20}},"9":{"start":{"line":91,"column":8},"end":{"line":91,"column":2870}},"10":{"start":{"line":99,"column":8},"end":{"line":99,"column":59}},"11":{"start":{"line":100,"column":8},"end":{"line":100,"column":53}},"12":{"start":{"line":109,"column":8},"end":{"line":109,"column":3685}},"13":{"start":{"line":115,"column":8},"end":{"line":115,"column":40}},"14":{"start":{"line":116,"column":8},"end":{"line":116,"column":37}},"15":{"start":{"line":118,"column":8},"end":{"line":118,"column":42}},"16":{"start":{"line":119,"column":8},"end":{"line":119,"column":68}},"17":{"start":{"line":121,"column":8},"end":{"line":121,"column":74}},"18":{"start":{"line":124,"column":8},"end":{"line":124,"column":62}},"19":{"start":{"line":131,"column":8},"end":{"line":131,"column":4454}},"20":{"start":{"line":136,"column":8},"end":{"line":136,"column":4647}},"21":{"start":{"line":137,"column":12},"end":{"line":137,"column":31}},"22":{"start":{"line":142,"column":8},"end":{"line":142,"column":4994}},"23":{"start":{"line":145,"column":8},"end":{"line":145,"column":5137}},"24":{"start":{"line":151,"column":8},"end":{"line":151,"column":5314}},"25":{"start":{"line":157,"column":8},"end":{"line":157,"column":5654}},"26":{"start":{"line":164,"column":8},"end":{"line":164,"column":107}},"27":{"start":{"line":165,"column":8},"end":{"line":165,"column":6152}},"28":{"start":{"line":168,"column":8},"end":{"line":168,"column":35}},"29":{"start":{"line":169,"column":8},"end":{"line":169,"column":87}},"30":{"start":{"line":170,"column":8},"end":{"line":170,"column":6440}},"31":{"start":{"line":171,"column":12},"end":{"line":171,"column":37}},"32":{"start":{"line":176,"column":8},"end":{"line":176,"column":6677}},"33":{"start":{"line":182,"column":8},"end":{"line":182,"column":6939}},"34":{"start":{"line":183,"column":12},"end":{"line":183,"column":7011}},"35":{"start":{"line":185,"column":16},"end":{"line":185,"column":59}},"36":{"start":{"line":192,"column":8},"end":{"line":192,"column":7300}},"37":{"start":{"line":198,"column":8},"end":{"line":198,"column":50}},"38":{"start":{"line":202,"column":8},"end":{"line":202,"column":29}},"39":{"start":{"line":203,"column":8},"end":{"line":203,"column":61}},"40":{"start":{"line":204,"column":8},"end":{"line":204,"column":61}},"41":{"start":{"line":205,"column":8},"end":{"line":205,"column":61}},"42":{"start":{"line":206,"column":8},"end":{"line":206,"column":61}},"43":{"start":{"line":207,"column":8},"end":{"line":207,"column":61}},"44":{"start":{"line":208,"column":8},"end":{"line":208,"column":61}}},"branchMap":{"1":{"line":82,"type":"if","locations":[{"start":{"line":82,"column":12},"end":{"line":82,"column":12}},{"start":{"line":82,"column":12},"end":{"line":82,"column":12}}]},"2":{"line":91,"type":"if","locations":[{"start":{"line":91,"column":8},"end":{"line":91,"column":8}},{"start":{"line":91,"column":8},"end":{"line":91,"column":8}}]},"3":{"line":109,"type":"if","locations":[{"start":{"line":109,"column":8},"end":{"line":109,"column":8}},{"start":{"line":109,"column":8},"end":{"line":109,"column":8}}]},"4":{"line":131,"type":"if","locations":[{"start":{"line":131,"column":8},"end":{"line":131,"column":8}},{"start":{"line":131,"column":8},"end":{"line":131,"column":8}}]},"5":{"line":136,"type":"if","locations":[{"start":{"line":136,"column":8},"end":{"line":136,"column":8}},{"start":{"line":136,"column":8},"end":{"line":136,"column":8}}]},"6":{"line":151,"type":"if","locations":[{"start":{"line":151,"column":8},"end":{"line":151,"column":8}},{"start":{"line":151,"column":8},"end":{"line":151,"column":8}}]},"7":{"line":168,"type":"if","locations":[{"start":{"line":168,"column":8},"end":{"line":168,"column":8}},{"start":{"line":168,"column":8},"end":{"line":168,"column":8}}]},"8":{"line":170,"type":"if","locations":[{"start":{"line":170,"column":8},"end":{"line":170,"column":8}},{"start":{"line":170,"column":8},"end":{"line":170,"column":8}}]},"9":{"line":176,"type":"if","locations":[{"start":{"line":176,"column":8},"end":{"line":176,"column":8}},{"start":{"line":176,"column":8},"end":{"line":176,"column":8}}]},"10":{"line":183,"type":"if","locations":[{"start":{"line":183,"column":12},"end":{"line":183,"column":12}},{"start":{"line":183,"column":12},"end":{"line":183,"column":12}}]},"11":{"line":192,"type":"if","locations":[{"start":{"line":192,"column":8},"end":{"line":192,"column":8}},{"start":{"line":192,"column":8},"end":{"line":192,"column":8}}]}}},"contracts/Founding Citizens NFT Sale.sol":{"l":{"89":0,"90":0,"94":0,"95":0,"99":0,"100":0,"109":0,"112":0,"115":0,"116":0,"118":0,"123":0,"127":0,"131":0,"135":0,"140":0,"145":0,"149":0,"153":0,"157":0,"162":0,"166":0,"171":0,"176":0,"178":0,"179":0,"184":0,"188":0,"189":0,"193":0,"194":0,"198":0,"199":0,"205":0,"210":0,"214":0,"215":0,"216":0,"221":0,"226":0,"230":0,"231":0,"232":0,"236":0,"241":0,"245":0,"246":0,"247":0,"248":0,"250":0},"path":"/home/c-ubuntu/code/remixd/metanoia/contracts/Founding Citizens NFT Sale.sol","s":{"1":0,"2":0,"3":0,"4":0,"5":0,"6":0,"7":0,"8":0,"9":0,"10":0,"11":0,"12":0,"13":0,"14":0,"15":0,"16":0,"17":0,"18":0,"19":0,"20":0,"21":0,"22":0,"23":0,"24":0,"25":0,"26":0,"27":0,"28":0,"29":0,"30":0,"31":0,"32":0,"33":0,"34":0,"35":0,"36":0,"37":0,"38":0,"39":0,"40":0,"41":0,"42":0,"43":0,"44":0,"45":0,"46":0,"47":0},"b":{"1":[0,0],"2":[0,0],"3":[0,0],"4":[0,0],"5":[0,0],"6":[0,0],"7":[0,0],"8":[0,0],"9":[0,0],"10":[0,0],"11":[0,0],"12":[0,0],"13":[0,0],"14":[0,0]},"f":{"1":0,"2":0,"3":0,"4":0,"5":0,"6":0,"7":0,"8":0,"9":0,"10":0,"11":0,"12":0,"13":0,"14":0,"15":0,"16":0,"17":0,"18":0,"19":0,"20":0,"21":0,"22":0},"fnMap":{"1":{"name":"requiresUpdate","line":88,"loc":{"start":{"line":88,"column":4},"end":{"line":91,"column":4}}},"2":{"name":"pushesUpdate","line":93,"loc":{"start":{"line":93,"column":4},"end":{"line":96,"column":4}}},"3":{"name":"requiresConsistentState","line":98,"loc":{"start":{"line":98,"column":4},"end":{"line":101,"column":4}}},"4":{"name":"constructor","line":103,"loc":{"start":{"line":103,"column":4},"end":{"line":105,"column":4}}},"5":{"name":"updateState","line":107,"loc":{"start":{"line":107,"column":4},"end":{"line":120,"column":4}}},"6":{"name":"setERC1155StorageContractAddress","line":122,"loc":{"start":{"line":122,"column":4},"end":{"line":124,"column":4}}},"7":{"name":"setPrivilegedBuyersListContractAddress","line":126,"loc":{"start":{"line":126,"column":4},"end":{"line":128,"column":4}}},"8":{"name":"setUsdcEscrowContractAddress","line":130,"loc":{"start":{"line":130,"column":4},"end":{"line":132,"column":4}}},"9":{"name":"mintNextNftToAddress","line":134,"loc":{"start":{"line":134,"column":4},"end":{"line":136,"column":4}}},"10":{"name":"preLoadURIs","line":138,"loc":{"start":{"line":138,"column":4},"end":{"line":146,"column":4}}},"11":{"name":"getNextUnusedToken","line":148,"loc":{"start":{"line":148,"column":4},"end":{"line":150,"column":4}}},"12":{"name":"getMaxSupply","line":152,"loc":{"start":{"line":152,"column":4},"end":{"line":154,"column":4}}},"13":{"name":"setstartTime","line":156,"loc":{"start":{"line":156,"column":4},"end":{"line":163,"column":4}}},"14":{"name":"setEndTime","line":165,"loc":{"start":{"line":165,"column":4},"end":{"line":172,"column":4}}},"15":{"name":"calculateCustomPrice","line":175,"loc":{"start":{"line":174,"column":4},"end":{"line":180,"column":4}}},"16":{"name":"updateAndCalculateCustomPrice","line":183,"loc":{"start":{"line":182,"column":4},"end":{"line":185,"column":4}}},"17":{"name":"_buyNFT","line":187,"loc":{"start":{"line":187,"column":4},"end":{"line":190,"column":4}}},"18":{"name":"buyNFT","line":192,"loc":{"start":{"line":192,"column":4},"end":{"line":195,"column":4}}},"19":{"name":"buyNftWithDiscount","line":197,"loc":{"start":{"line":197,"column":4},"end":{"line":200,"column":4}}},"20":{"name":"mintRemainderToTreasuryAddress","line":204,"loc":{"start":{"line":204,"column":4},"end":{"line":218,"column":4}}},"21":{"name":"mintNextToTreasuryAddress","line":220,"loc":{"start":{"line":220,"column":4},"end":{"line":233,"column":4}}},"22":{"name":"mintNextManyToTreasuryAddress","line":235,"loc":{"start":{"line":235,"column":4},"end":{"line":251,"column":4}}}},"statementMap":{"1":{"start":{"line":89,"column":8},"end":{"line":89,"column":81}},"2":{"start":{"line":94,"column":8},"end":{"line":94,"column":20}},"3":{"start":{"line":99,"column":8},"end":{"line":99,"column":71}},"4":{"start":{"line":109,"column":8},"end":{"line":109,"column":100}},"5":{"start":{"line":112,"column":8},"end":{"line":112,"column":40}},"6":{"start":{"line":115,"column":8},"end":{"line":115,"column":3734}},"7":{"start":{"line":116,"column":12},"end":{"line":116,"column":39}},"8":{"start":{"line":118,"column":12},"end":{"line":118,"column":40}},"9":{"start":{"line":123,"column":8},"end":{"line":123,"column":60}},"10":{"start":{"line":127,"column":8},"end":{"line":127,"column":66}},"11":{"start":{"line":131,"column":8},"end":{"line":131,"column":63}},"12":{"start":{"line":135,"column":8},"end":{"line":135,"column":68}},"13":{"start":{"line":140,"column":8},"end":{"line":140,"column":4687}},"14":{"start":{"line":145,"column":8},"end":{"line":145,"column":66}},"15":{"start":{"line":149,"column":8},"end":{"line":149,"column":72}},"16":{"start":{"line":153,"column":8},"end":{"line":153,"column":66}},"17":{"start":{"line":157,"column":8},"end":{"line":157,"column":5275}},"18":{"start":{"line":162,"column":8},"end":{"line":162,"column":27}},"19":{"start":{"line":166,"column":8},"end":{"line":166,"column":5550}},"20":{"start":{"line":171,"column":8},"end":{"line":171,"column":25}},"21":{"start":{"line":176,"column":8},"end":{"line":176,"column":6007}},"22":{"start":{"line":178,"column":8},"end":{"line":178,"column":66}},"23":{"start":{"line":179,"column":8},"end":{"line":179,"column":20}},"24":{"start":{"line":184,"column":8},"end":{"line":184,"column":67}},"25":{"start":{"line":188,"column":8},"end":{"line":188,"column":71}},"26":{"start":{"line":189,"column":8},"end":{"line":189,"column":39}},"27":{"start":{"line":193,"column":8},"end":{"line":193,"column":37}},"28":{"start":{"line":194,"column":8},"end":{"line":194,"column":21}},"29":{"start":{"line":198,"column":8},"end":{"line":198,"column":67}},"30":{"start":{"line":199,"column":8},"end":{"line":199,"column":21}},"31":{"start":{"line":205,"column":8},"end":{"line":205,"column":7181}},"32":{"start":{"line":210,"column":8},"end":{"line":210,"column":7379}},"33":{"start":{"line":214,"column":8},"end":{"line":214,"column":67}},"34":{"start":{"line":215,"column":8},"end":{"line":215,"column":7611}},"35":{"start":{"line":216,"column":12},"end":{"line":216,"column":48}},"36":{"start":{"line":221,"column":8},"end":{"line":221,"column":7789}},"37":{"start":{"line":226,"column":8},"end":{"line":226,"column":7987}},"38":{"start":{"line":230,"column":8},"end":{"line":230,"column":67}},"39":{"start":{"line":231,"column":8},"end":{"line":231,"column":56}},"40":{"start":{"line":232,"column":8},"end":{"line":232,"column":44}},"41":{"start":{"line":236,"column":8},"end":{"line":236,"column":8416}},"42":{"start":{"line":241,"column":8},"end":{"line":241,"column":8614}},"43":{"start":{"line":245,"column":8},"end":{"line":245,"column":67}},"44":{"start":{"line":246,"column":8},"end":{"line":246,"column":54}},"45":{"start":{"line":247,"column":8},"end":{"line":247,"column":8903}},"46":{"start":{"line":248,"column":12},"end":{"line":248,"column":48}},"47":{"start":{"line":250,"column":8},"end":{"line":250,"column":44}}},"branchMap":{"1":{"line":89,"type":"if","locations":[{"start":{"line":89,"column":8},"end":{"line":89,"column":8}},{"start":{"line":89,"column":8},"end":{"line":89,"column":8}}]},"2":{"line":99,"type":"if","locations":[{"start":{"line":99,"column":8},"end":{"line":99,"column":8}},{"start":{"line":99,"column":8},"end":{"line":99,"column":8}}]},"3":{"line":115,"type":"if","locations":[{"start":{"line":115,"column":8},"end":{"line":115,"column":8}},{"start":{"line":115,"column":8},"end":{"line":115,"column":8}}]},"4":{"line":140,"type":"if","locations":[{"start":{"line":140,"column":8},"end":{"line":140,"column":8}},{"start":{"line":140,"column":8},"end":{"line":140,"column":8}}]},"5":{"line":157,"type":"if","locations":[{"start":{"line":157,"column":8},"end":{"line":157,"column":8}},{"start":{"line":157,"column":8},"end":{"line":157,"column":8}}]},"6":{"line":166,"type":"if","locations":[{"start":{"line":166,"column":8},"end":{"line":166,"column":8}},{"start":{"line":166,"column":8},"end":{"line":166,"column":8}}]},"7":{"line":176,"type":"if","locations":[{"start":{"line":176,"column":8},"end":{"line":176,"column":8}},{"start":{"line":176,"column":8},"end":{"line":176,"column":8}}]},"8":{"line":205,"type":"if","locations":[{"start":{"line":205,"column":8},"end":{"line":205,"column":8}},{"start":{"line":205,"column":8},"end":{"line":205,"column":8}}]},"9":{"line":210,"type":"if","locations":[{"start":{"line":210,"column":8},"end":{"line":210,"column":8}},{"start":{"line":210,"column":8},"end":{"line":210,"column":8}}]},"10":{"line":221,"type":"if","locations":[{"start":{"line":221,"column":8},"end":{"line":221,"column":8}},{"start":{"line":221,"column":8},"end":{"line":221,"column":8}}]},"11":{"line":226,"type":"if","locations":[{"start":{"line":226,"column":8},"end":{"line":226,"column":8}},{"start":{"line":226,"column":8},"end":{"line":226,"column":8}}]},"12":{"line":231,"type":"if","locations":[{"start":{"line":231,"column":8},"end":{"line":231,"column":8}},{"start":{"line":231,"column":8},"end":{"line":231,"column":8}}]},"13":{"line":236,"type":"if","locations":[{"start":{"line":236,"column":8},"end":{"line":236,"column":8}},{"start":{"line":236,"column":8},"end":{"line":236,"column":8}}]},"14":{"line":241,"type":"if","locations":[{"start":{"line":241,"column":8},"end":{"line":241,"column":8}},{"start":{"line":241,"column":8},"end":{"line":241,"column":8}}]}}},"contracts/Founding Settlers List.sol":{"l":{"80":0,"81":0,"84":0,"85":0,"86":0,"96":0,"98":0,"100":0,"101":0,"103":0,"104":0,"115":0,"116":0,"118":0,"119":0,"120":0,"122":0,"123":0,"124":0,"125":0,"131":0,"133":0,"139":0,"141":0,"144":0,"148":0,"151":0,"154":0,"156":0,"158":0,"159":0,"161":0,"162":0,"165":0,"173":0,"174":0,"175":0,"176":0,"177":0,"178":0,"179":0,"184":0,"189":0,"192":0,"195":0},"path":"/home/c-ubuntu/code/remixd/metanoia/contracts/Founding Settlers List.sol","s":{"1":0,"2":0,"3":0,"4":0,"5":0,"6":0,"7":0,"8":0,"9":0,"10":0,"11":0,"12":0,"13":0,"14":0,"15":0,"16":0,"17":0,"18":0,"19":0,"20":0,"21":0,"22":0,"23":0,"24":0,"25":0,"26":0,"27":0,"28":0,"29":0,"30":0,"31":0,"32":0,"33":0,"34":0,"35":0,"36":0,"37":0,"38":0,"39":0,"40":0,"41":0},"b":{"1":[0,0],"2":[0,0],"3":[0,0],"4":[0,0],"5":[0,0],"6":[0,0],"7":[0,0],"8":[0,0],"9":[0,0]},"f":{"1":0,"2":0,"3":0,"4":0,"5":0,"6":0,"7":0,"8":0,"9":0},"fnMap":{"1":{"name":"_addAddress","line":78,"loc":{"start":{"line":78,"column":4},"end":{"line":87,"column":4}}},"2":{"name":"_tryToAddAddress","line":95,"loc":{"start":{"line":95,"column":4},"end":{"line":105,"column":4}}},"3":{"name":"_removeAddress","line":113,"loc":{"start":{"line":113,"column":4},"end":{"line":145,"column":4}}},"4":{"name":"_tryToRemoveAddress","line":147,"loc":{"start":{"line":147,"column":4},"end":{"line":166,"column":4}}},"5":{"name":"_initList","line":172,"loc":{"start":{"line":172,"column":4},"end":{"line":180,"column":4}}},"6":{"name":"initList","line":183,"loc":{"start":{"line":183,"column":4},"end":{"line":185,"column":4}}},"7":{"name":"addresses_length","line":188,"loc":{"start":{"line":188,"column":4},"end":{"line":190,"column":4}}},"8":{"name":"addresses_list","line":191,"loc":{"start":{"line":191,"column":4},"end":{"line":193,"column":4}}},"9":{"name":"addresses_listInv","line":194,"loc":{"start":{"line":194,"column":4},"end":{"line":196,"column":4}}}},"statementMap":{"1":{"start":{"line":80,"column":8},"end":{"line":80,"column":69}},"2":{"start":{"line":81,"column":8},"end":{"line":81,"column":55}},"3":{"start":{"line":84,"column":8},"end":{"line":84,"column":52}},"4":{"start":{"line":85,"column":8},"end":{"line":85,"column":55}},"5":{"start":{"line":96,"column":8},"end":{"line":96,"column":4377}},"6":{"start":{"line":98,"column":12},"end":{"line":98,"column":47}},"7":{"start":{"line":100,"column":8},"end":{"line":100,"column":4495}},"8":{"start":{"line":101,"column":12},"end":{"line":101,"column":43}},"9":{"start":{"line":103,"column":8},"end":{"line":103,"column":28}},"10":{"start":{"line":104,"column":8},"end":{"line":104,"column":25}},"11":{"start":{"line":115,"column":8},"end":{"line":115,"column":75}},"12":{"start":{"line":116,"column":8},"end":{"line":116,"column":58}},"13":{"start":{"line":118,"column":8},"end":{"line":118,"column":52}},"14":{"start":{"line":119,"column":8},"end":{"line":119,"column":41}},"15":{"start":{"line":120,"column":8},"end":{"line":120,"column":69}},"16":{"start":{"line":122,"column":8},"end":{"line":122,"column":38}},"17":{"start":{"line":123,"column":8},"end":{"line":123,"column":53}},"18":{"start":{"line":124,"column":8},"end":{"line":124,"column":62}},"19":{"start":{"line":125,"column":8},"end":{"line":125,"column":63}},"20":{"start":{"line":131,"column":8},"end":{"line":131,"column":57}},"21":{"start":{"line":139,"column":8},"end":{"line":139,"column":49}},"22":{"start":{"line":148,"column":8},"end":{"line":148,"column":6619}},"23":{"start":{"line":151,"column":8},"end":{"line":151,"column":6771}},"24":{"start":{"line":154,"column":8},"end":{"line":154,"column":6920}},"25":{"start":{"line":156,"column":12},"end":{"line":156,"column":53}},"26":{"start":{"line":158,"column":8},"end":{"line":158,"column":7044}},"27":{"start":{"line":159,"column":12},"end":{"line":159,"column":46}},"28":{"start":{"line":161,"column":8},"end":{"line":161,"column":31}},"29":{"start":{"line":162,"column":8},"end":{"line":162,"column":7177}},"30":{"start":{"line":165,"column":8},"end":{"line":165,"column":25}},"31":{"start":{"line":173,"column":8},"end":{"line":173,"column":59}},"32":{"start":{"line":174,"column":8},"end":{"line":174,"column":67}},"33":{"start":{"line":175,"column":8},"end":{"line":175,"column":67}},"34":{"start":{"line":176,"column":8},"end":{"line":176,"column":67}},"35":{"start":{"line":177,"column":8},"end":{"line":177,"column":67}},"36":{"start":{"line":178,"column":8},"end":{"line":178,"column":67}},"37":{"start":{"line":179,"column":8},"end":{"line":179,"column":67}},"38":{"start":{"line":184,"column":8},"end":{"line":184,"column":18}},"39":{"start":{"line":189,"column":8},"end":{"line":189,"column":31}},"40":{"start":{"line":192,"column":8},"end":{"line":192,"column":33}},"41":{"start":{"line":195,"column":8},"end":{"line":195,"column":42}}},"branchMap":{"1":{"line":80,"type":"if","locations":[{"start":{"line":80,"column":8},"end":{"line":80,"column":8}},{"start":{"line":80,"column":8},"end":{"line":80,"column":8}}]},"2":{"line":81,"type":"if","locations":[{"start":{"line":81,"column":8},"end":{"line":81,"column":8}},{"start":{"line":81,"column":8},"end":{"line":81,"column":8}}]},"3":{"line":96,"type":"if","locations":[{"start":{"line":96,"column":8},"end":{"line":96,"column":8}},{"start":{"line":96,"column":8},"end":{"line":96,"column":8}}]},"4":{"line":100,"type":"if","locations":[{"start":{"line":100,"column":8},"end":{"line":100,"column":8}},{"start":{"line":100,"column":8},"end":{"line":100,"column":8}}]},"5":{"line":115,"type":"if","locations":[{"start":{"line":115,"column":8},"end":{"line":115,"column":8}},{"start":{"line":115,"column":8},"end":{"line":115,"column":8}}]},"6":{"line":116,"type":"if","locations":[{"start":{"line":116,"column":8},"end":{"line":116,"column":8}},{"start":{"line":116,"column":8},"end":{"line":116,"column":8}}]},"7":{"line":154,"type":"if","locations":[{"start":{"line":154,"column":8},"end":{"line":154,"column":8}},{"start":{"line":154,"column":8},"end":{"line":154,"column":8}}]},"8":{"line":158,"type":"if","locations":[{"start":{"line":158,"column":8},"end":{"line":158,"column":8}},{"start":{"line":158,"column":8},"end":{"line":158,"column":8}}]},"9":{"line":173,"type":"if","locations":[{"start":{"line":173,"column":8},"end":{"line":173,"column":8}},{"start":{"line":173,"column":8},"end":{"line":173,"column":8}}]}}},"contracts/IFoundingSettlersList.sol":{"l":{},"path":"/home/c-ubuntu/code/remixd/metanoia/contracts/IFoundingSettlersList.sol","s":{},"b":{},"f":{},"fnMap":{},"statementMap":{},"branchMap":{}},"contracts/Metanoia Settlers Airdrop Raffle.sol":{"l":{"69":0,"73":0,"74":0,"76":0,"77":0,"84":0,"88":0,"89":0,"91":0,"92":0,"97":0,"98":0,"115":0,"117":0,"118":0,"119":0,"120":0,"121":0,"122":0,"123":0,"124":0,"125":0,"128":0,"129":0,"130":0,"137":0,"138":0,"140":0,"141":0,"148":0,"149":0,"151":0,"158":0,"165":0,"173":0,"174":0,"175":0,"178":0,"188":0,"196":0,"205":0,"206":0,"207":0,"208":0,"209":0,"212":0,"215":0,"227":0,"236":0,"243":0,"252":0},"path":"/home/c-ubuntu/code/remixd/metanoia/contracts/Metanoia Settlers Airdrop Raffle.sol","s":{"1":0,"2":0,"3":0,"4":0,"5":0,"6":0,"7":0,"8":0,"9":0,"10":0,"11":0,"12":0,"13":0,"14":0,"15":0,"16":0,"17":0,"18":0,"19":0,"20":0,"21":0,"22":0,"23":0,"24":0,"25":0,"26":0,"27":0,"28":0,"29":0,"30":0,"31":0,"32":0,"33":0,"34":0,"35":0,"36":0,"37":0,"38":0,"39":0,"40":0,"41":0,"42":0,"43":0,"44":0,"45":0,"46":0,"47":0,"48":0},"b":{"1":[0,0],"2":[0,0],"3":[0,0],"4":[0,0],"5":[0,0],"6":[0,0],"7":[0,0],"8":[0,0],"9":[0,0],"10":[0,0],"11":[0,0]},"f":{"1":0,"2":0,"3":0,"4":0,"5":0,"6":0,"7":0,"8":0,"9":0,"10":0,"11":0,"12":0,"13":0,"14":0,"15":0,"16":0},"fnMap":{"1":{"name":"isExistingMint","line":68,"loc":{"start":{"line":68,"column":4},"end":{"line":78,"column":4}}},"2":{"name":"isNewMint","line":83,"loc":{"start":{"line":83,"column":4},"end":{"line":93,"column":4}}},"3":{"name":"constructor","line":95,"loc":{"start":{"line":95,"column":4},"end":{"line":101,"column":4}}},"4":{"name":"_getDistinctPseudoRandomNumbers","line":114,"loc":{"start":{"line":114,"column":4},"end":{"line":131,"column":4}}},"5":{"name":"_rand","line":136,"loc":{"start":{"line":136,"column":4},"end":{"line":142,"column":4}}},"6":{"name":"_resetRandomNumbers","line":147,"loc":{"start":{"line":147,"column":4},"end":{"line":152,"column":4}}},"7":{"name":"sendItems","line":157,"loc":{"start":{"line":157,"column":4},"end":{"line":159,"column":4}}},"8":{"name":"sendItem","line":164,"loc":{"start":{"line":164,"column":4},"end":{"line":166,"column":4}}},"9":{"name":"_mintByAirdrop","line":171,"loc":{"start":{"line":171,"column":4},"end":{"line":181,"column":4}}},"10":{"name":"mintByAirdrop","line":187,"loc":{"start":{"line":186,"column":4},"end":{"line":189,"column":4}}},"11":{"name":"mintNewByAirdrop","line":195,"loc":{"start":{"line":194,"column":4},"end":{"line":197,"column":4}}},"12":{"name":"_mintByRaffle","line":202,"loc":{"start":{"line":202,"column":4},"end":{"line":216,"column":4}}},"13":{"name":"mintByRaffle","line":226,"loc":{"start":{"line":221,"column":4},"end":{"line":228,"column":4}}},"14":{"name":"mintNewByRaffle","line":235,"loc":{"start":{"line":233,"column":4},"end":{"line":237,"column":4}}},"15":{"name":"mintToExtrasHolder","line":242,"loc":{"start":{"line":242,"column":4},"end":{"line":244,"column":4}}},"16":{"name":"mintNewToExtrasHolder","line":251,"loc":{"start":{"line":249,"column":4},"end":{"line":253,"column":4}}}},"statementMap":{"1":{"start":{"line":69,"column":8},"end":{"line":69,"column":2616}},"2":{"start":{"line":73,"column":8},"end":{"line":73,"column":2905}},"3":{"start":{"line":74,"column":12},"end":{"line":74,"column":41}},"4":{"start":{"line":76,"column":8},"end":{"line":76,"column":32}},"5":{"start":{"line":84,"column":8},"end":{"line":84,"column":3232}},"6":{"start":{"line":88,"column":8},"end":{"line":88,"column":3509}},"7":{"start":{"line":89,"column":12},"end":{"line":89,"column":41}},"8":{"start":{"line":91,"column":8},"end":{"line":91,"column":32}},"9":{"start":{"line":97,"column":8},"end":{"line":97,"column":53}},"10":{"start":{"line":98,"column":8},"end":{"line":98,"column":32}},"11":{"start":{"line":115,"column":8},"end":{"line":115,"column":4886}},"12":{"start":{"line":117,"column":8},"end":{"line":117,"column":21}},"13":{"start":{"line":118,"column":8},"end":{"line":118,"column":26}},"14":{"start":{"line":119,"column":8},"end":{"line":119,"column":16}},"15":{"start":{"line":120,"column":8},"end":{"line":120,"column":20}},"16":{"start":{"line":121,"column":8},"end":{"line":121,"column":5023}},"17":{"start":{"line":122,"column":12},"end":{"line":122,"column":30}},"18":{"start":{"line":123,"column":12},"end":{"line":123,"column":30}},"19":{"start":{"line":124,"column":12},"end":{"line":124,"column":5146}},"20":{"start":{"line":125,"column":16},"end":{"line":125,"column":52}},"21":{"start":{"line":128,"column":8},"end":{"line":128,"column":67}},"22":{"start":{"line":129,"column":8},"end":{"line":129,"column":23}},"23":{"start":{"line":130,"column":8},"end":{"line":130,"column":30}},"24":{"start":{"line":137,"column":8},"end":{"line":137,"column":77}},"25":{"start":{"line":138,"column":8},"end":{"line":138,"column":5727}},"26":{"start":{"line":140,"column":8},"end":{"line":140,"column":30}},"27":{"start":{"line":141,"column":8},"end":{"line":141,"column":22}},"28":{"start":{"line":148,"column":8},"end":{"line":148,"column":6001}},"29":{"start":{"line":151,"column":8},"end":{"line":151,"column":31}},"30":{"start":{"line":158,"column":8},"end":{"line":158,"column":63}},"31":{"start":{"line":165,"column":8},"end":{"line":165,"column":32}},"32":{"start":{"line":173,"column":8},"end":{"line":173,"column":6718}},"33":{"start":{"line":174,"column":12},"end":{"line":174,"column":6791}},"34":{"start":{"line":175,"column":16},"end":{"line":175,"column":88}},"35":{"start":{"line":178,"column":16},"end":{"line":178,"column":93}},"36":{"start":{"line":188,"column":8},"end":{"line":188,"column":54}},"37":{"start":{"line":196,"column":8},"end":{"line":196,"column":58}},"38":{"start":{"line":205,"column":8},"end":{"line":205,"column":92}},"39":{"start":{"line":206,"column":8},"end":{"line":206,"column":84}},"40":{"start":{"line":207,"column":8},"end":{"line":207,"column":8152}},"41":{"start":{"line":208,"column":12},"end":{"line":208,"column":8216}},"42":{"start":{"line":209,"column":16},"end":{"line":209,"column":107}},"43":{"start":{"line":212,"column":16},"end":{"line":212,"column":112}},"44":{"start":{"line":215,"column":8},"end":{"line":215,"column":43}},"45":{"start":{"line":227,"column":8},"end":{"line":227,"column":79}},"46":{"start":{"line":236,"column":8},"end":{"line":236,"column":83}},"47":{"start":{"line":243,"column":8},"end":{"line":243,"column":57}},"48":{"start":{"line":252,"column":8},"end":{"line":252,"column":62}}},"branchMap":{"1":{"line":69,"type":"if","locations":[{"start":{"line":69,"column":8},"end":{"line":69,"column":8}},{"start":{"line":69,"column":8},"end":{"line":69,"column":8}}]},"2":{"line":73,"type":"if","locations":[{"start":{"line":73,"column":8},"end":{"line":73,"column":8}},{"start":{"line":73,"column":8},"end":{"line":73,"column":8}}]},"3":{"line":84,"type":"if","locations":[{"start":{"line":84,"column":8},"end":{"line":84,"column":8}},{"start":{"line":84,"column":8},"end":{"line":84,"column":8}}]},"4":{"line":88,"type":"if","locations":[{"start":{"line":88,"column":8},"end":{"line":88,"column":8}},{"start":{"line":88,"column":8},"end":{"line":88,"column":8}}]},"5":{"line":115,"type":"if","locations":[{"start":{"line":115,"column":8},"end":{"line":115,"column":8}},{"start":{"line":115,"column":8},"end":{"line":115,"column":8}}]},"6":{"line":124,"type":"if","locations":[{"start":{"line":124,"column":12},"end":{"line":124,"column":12}},{"start":{"line":124,"column":12},"end":{"line":124,"column":12}}]},"7":{"line":128,"type":"if","locations":[{"start":{"line":128,"column":8},"end":{"line":128,"column":8}},{"start":{"line":128,"column":8},"end":{"line":128,"column":8}}]},"8":{"line":137,"type":"if","locations":[{"start":{"line":137,"column":8},"end":{"line":137,"column":8}},{"start":{"line":137,"column":8},"end":{"line":137,"column":8}}]},"9":{"line":174,"type":"if","locations":[{"start":{"line":174,"column":12},"end":{"line":174,"column":12}},{"start":{"line":174,"column":12},"end":{"line":174,"column":12}}]},"10":{"line":206,"type":"if","locations":[{"start":{"line":206,"column":8},"end":{"line":206,"column":8}},{"start":{"line":206,"column":8},"end":{"line":206,"column":8}}]},"11":{"line":208,"type":"if","locations":[{"start":{"line":208,"column":12},"end":{"line":208,"column":12}},{"start":{"line":208,"column":12},"end":{"line":208,"column":12}}]}}},"contracts/Metanoia Settlers NFT mint.sol":{"l":{"72":0,"74":0,"75":0,"81":0,"86":0,"89":0,"90":0,"96":0,"97":0,"109":0,"110":0,"111":0,"114":0,"126":0,"127":0,"128":0,"131":0,"142":0,"152":0,"162":0,"172":0},"path":"/home/c-ubuntu/code/remixd/metanoia/contracts/Metanoia Settlers NFT mint.sol","s":{"1":0,"2":0,"3":0,"4":0,"5":0,"6":0,"7":0,"8":0,"9":0,"10":0,"11":0,"12":0,"13":0,"14":0,"15":0,"16":0,"17":0,"18":0,"19":0,"20":0,"21":0},"b":{"1":[0,0],"2":[0,0],"3":[0,0]},"f":{"1":0,"2":0,"3":0,"4":0,"5":0,"6":0,"7":0},"fnMap":{"1":{"name":"constructor","line":70,"loc":{"start":{"line":67,"column":4},"end":{"line":99,"column":4}}},"2":{"name":"addAddress","line":108,"loc":{"start":{"line":108,"column":4},"end":{"line":116,"column":4}}},"3":{"name":"removeAddress","line":125,"loc":{"start":{"line":125,"column":4},"end":{"line":133,"column":4}}},"4":{"name":"sendTicket","line":141,"loc":{"start":{"line":141,"column":4},"end":{"line":143,"column":4}}},"5":{"name":"getMFS_length","line":151,"loc":{"start":{"line":151,"column":4},"end":{"line":153,"column":4}}},"6":{"name":"getMFS_list","line":161,"loc":{"start":{"line":161,"column":4},"end":{"line":163,"column":4}}},"7":{"name":"getMFS_listInv","line":171,"loc":{"start":{"line":171,"column":4},"end":{"line":173,"column":4}}}},"statementMap":{"1":{"start":{"line":72,"column":8},"end":{"line":72,"column":112}},"2":{"start":{"line":74,"column":8},"end":{"line":74,"column":49}},"3":{"start":{"line":75,"column":8},"end":{"line":75,"column":33}},"4":{"start":{"line":81,"column":8},"end":{"line":81,"column":18}},"5":{"start":{"line":86,"column":8},"end":{"line":86,"column":21}},"6":{"start":{"line":89,"column":8},"end":{"line":89,"column":4201}},"7":{"start":{"line":90,"column":12},"end":{"line":90,"column":59}},"8":{"start":{"line":96,"column":8},"end":{"line":96,"column":4542}},"9":{"start":{"line":97,"column":12},"end":{"line":97,"column":47}},"10":{"start":{"line":109,"column":8},"end":{"line":109,"column":5366}},"11":{"start":{"line":110,"column":12},"end":{"line":110,"column":29}},"12":{"start":{"line":111,"column":12},"end":{"line":111,"column":29}},"13":{"start":{"line":114,"column":12},"end":{"line":114,"column":42}},"14":{"start":{"line":126,"column":8},"end":{"line":126,"column":6269}},"15":{"start":{"line":127,"column":12},"end":{"line":127,"column":35}},"16":{"start":{"line":128,"column":12},"end":{"line":128,"column":29}},"17":{"start":{"line":131,"column":12},"end":{"line":131,"column":48}},"18":{"start":{"line":142,"column":8},"end":{"line":142,"column":59}},"19":{"start":{"line":152,"column":8},"end":{"line":152,"column":31}},"20":{"start":{"line":162,"column":8},"end":{"line":162,"column":33}},"21":{"start":{"line":172,"column":8},"end":{"line":172,"column":56}}},"branchMap":{"1":{"line":72,"type":"if","locations":[{"start":{"line":72,"column":8},"end":{"line":72,"column":8}},{"start":{"line":72,"column":8},"end":{"line":72,"column":8}}]},"2":{"line":109,"type":"if","locations":[{"start":{"line":109,"column":8},"end":{"line":109,"column":8}},{"start":{"line":109,"column":8},"end":{"line":109,"column":8}}]},"3":{"line":126,"type":"if","locations":[{"start":{"line":126,"column":8},"end":{"line":126,"column":8}},{"start":{"line":126,"column":8},"end":{"line":126,"column":8}}]}}},"contracts/Moderated Uris.sol":{"l":{"16":0,"61":0,"70":0,"71":0,"78":0,"83":0,"91":0,"97":0,"99":0,"106":0,"107":0,"110":0,"115":0,"123":0,"124":0,"129":0,"130":0,"135":0,"136":0,"141":0,"145":0,"146":0,"147":0,"148":0,"153":0,"154":0,"159":0,"178":0,"179":0,"180":0,"182":0,"183":0,"184":0,"185":0,"186":0,"187":0,"188":0,"191":0,"213":0,"214":0,"219":0,"221":0,"222":0,"223":0,"224":0,"225":0,"226":0,"227":0,"230":0,"237":0,"238":0,"239":0,"240":0,"247":0,"248":0,"249":0,"261":0,"262":0,"265":0,"272":0,"273":0,"275":0,"284":0,"289":0,"294":0,"295":0,"297":0,"303":0,"309":0,"315":0,"321":0,"327":0,"333":0,"338":0,"344":0,"349":0,"356":0,"361":0},"path":"/home/c-ubuntu/code/remixd/metanoia/contracts/Moderated Uris.sol","s":{"1":0,"2":0,"3":0,"4":0,"5":0,"6":0,"7":0,"8":0,"9":0,"10":0,"11":0,"12":0,"13":0,"14":0,"15":0,"16":0,"17":0,"18":0,"19":0,"20":0,"21":0,"22":0,"23":0,"24":0,"25":0,"26":0,"27":0,"28":0,"29":0,"30":0,"31":0,"32":0,"33":0,"34":0,"35":0,"36":0,"37":0,"38":0,"39":0,"40":0,"41":0,"42":0,"43":0,"44":0,"45":0,"46":0,"47":0,"48":0,"49":0,"50":0,"51":0,"52":0,"53":0,"54":0,"55":0,"56":0,"57":0,"58":0,"59":0,"60":0,"61":0,"62":0,"63":0,"64":0,"65":0,"66":0,"67":0,"68":0,"69":0,"70":0,"71":0,"72":0,"73":0,"74":0,"75":0,"76":0},"b":{"1":[0,0],"2":[0,0],"3":[0,0],"4":[0,0],"5":[0,0],"6":[0,0],"7":[0,0],"8":[0,0],"9":[0,0],"10":[0,0],"11":[0,0],"12":[0,0],"13":[0,0],"14":[0,0],"15":[0,0],"16":[0,0],"17":[0,0],"18":[0,0],"19":[0,0]},"f":{"1":0,"2":0,"3":0,"4":0,"5":0,"6":0,"7":0,"8":0,"9":0,"10":0,"11":0,"12":0,"13":0,"14":0,"15":0,"16":0,"17":0,"18":0,"19":0,"20":0,"21":0,"22":0,"23":0,"24":0,"25":0,"26":0,"27":0},"fnMap":{"1":{"name":"makeApprovedUriListsAppendOnly","line":15,"loc":{"start":{"line":15,"column":4},"end":{"line":17,"column":4}}},"2":{"name":"__entryExists","line":59,"loc":{"start":{"line":59,"column":4},"end":{"line":62,"column":4}}},"3":{"name":"__makeEntry","line":67,"loc":{"start":{"line":67,"column":4},"end":{"line":92,"column":4}}},"4":{"name":"__updateEntry","line":95,"loc":{"start":{"line":95,"column":4},"end":{"line":100,"column":4}}},"5":{"name":"__getEntry","line":104,"loc":{"start":{"line":104,"column":4},"end":{"line":111,"column":4}}},"6":{"name":"__entryIsGlobal","line":113,"loc":{"start":{"line":113,"column":4},"end":{"line":116,"column":4}}},"7":{"name":"_entryExists","line":121,"loc":{"start":{"line":121,"column":4},"end":{"line":125,"column":4}}},"8":{"name":"_entryIsGlobal","line":127,"loc":{"start":{"line":127,"column":4},"end":{"line":131,"column":4}}},"9":{"name":"_getEntry","line":133,"loc":{"start":{"line":133,"column":4},"end":{"line":137,"column":4}}},"10":{"name":"_makeEntry","line":139,"loc":{"start":{"line":139,"column":4},"end":{"line":149,"column":4}}},"11":{"name":"_updateEntry","line":151,"loc":{"start":{"line":151,"column":4},"end":{"line":155,"column":4}}},"12":{"name":"_isIdUriPairApproved","line":157,"loc":{"start":{"line":157,"column":4},"end":{"line":160,"column":4}}},"13":{"name":"_getAllApprovedUrisFromId","line":176,"loc":{"start":{"line":176,"column":4},"end":{"line":192,"column":4}}},"14":{"name":"_getAllApprovedIdsFromUri","line":209,"loc":{"start":{"line":209,"column":4},"end":{"line":231,"column":4}}},"15":{"name":"_unapproveUriForAllIds","line":233,"loc":{"start":{"line":233,"column":4},"end":{"line":243,"column":4}}},"16":{"name":"_unapproveAllUrisForId","line":245,"loc":{"start":{"line":245,"column":4},"end":{"line":251,"column":4}}},"17":{"name":"_setIdUriPairApproval","line":259,"loc":{"start":{"line":259,"column":4},"end":{"line":267,"column":4}}},"18":{"name":"isMetadataApprovedForId","line":270,"loc":{"start":{"line":270,"column":4},"end":{"line":280,"column":4}}},"19":{"name":"isMetadataApprovedForAll","line":282,"loc":{"start":{"line":282,"column":4},"end":{"line":285,"column":4}}},"20":{"name":"getAllGloballyApprovedMetadata","line":287,"loc":{"start":{"line":287,"column":4},"end":{"line":290,"column":4}}},"21":{"name":"getAllApprovedMetadatasForId","line":292,"loc":{"start":{"line":292,"column":4},"end":{"line":299,"column":4}}},"22":{"name":"getAllApprovedIdsForMetadata","line":301,"loc":{"start":{"line":301,"column":4},"end":{"line":304,"column":4}}},"23":{"name":"approveMetadatForId","line":307,"loc":{"start":{"line":307,"column":4},"end":{"line":316,"column":4}}},"24":{"name":"approveMetadatForAll","line":319,"loc":{"start":{"line":319,"column":4},"end":{"line":328,"column":4}}},"25":{"name":"unapproveMetadatForId","line":331,"loc":{"start":{"line":331,"column":4},"end":{"line":339,"column":4}}},"26":{"name":"unapproveMetadataForAll","line":342,"loc":{"start":{"line":342,"column":4},"end":{"line":350,"column":4}}},"27":{"name":"unapproveAllMetadataForId","line":354,"loc":{"start":{"line":354,"column":4},"end":{"line":362,"column":4}}}},"statementMap":{"1":{"start":{"line":16,"column":8},"end":{"line":16,"column":35}},"2":{"start":{"line":61,"column":8},"end":{"line":61,"column":21}},"3":{"start":{"line":70,"column":8},"end":{"line":70,"column":2265}},"4":{"start":{"line":71,"column":12},"end":{"line":71,"column":2316}},"5":{"start":{"line":78,"column":8},"end":{"line":78,"column":2482}},"6":{"start":{"line":83,"column":8},"end":{"line":83,"column":2656}},"7":{"start":{"line":91,"column":8},"end":{"line":91,"column":38}},"8":{"start":{"line":97,"column":8},"end":{"line":97,"column":46}},"9":{"start":{"line":99,"column":8},"end":{"line":99,"column":45}},"10":{"start":{"line":106,"column":8},"end":{"line":106,"column":3391}},"11":{"start":{"line":107,"column":12},"end":{"line":107,"column":50}},"12":{"start":{"line":110,"column":8},"end":{"line":110,"column":32}},"13":{"start":{"line":115,"column":8},"end":{"line":115,"column":45}},"14":{"start":{"line":123,"column":8},"end":{"line":123,"column":76}},"15":{"start":{"line":124,"column":8},"end":{"line":124,"column":31}},"16":{"start":{"line":129,"column":8},"end":{"line":129,"column":76}},"17":{"start":{"line":130,"column":8},"end":{"line":130,"column":42}},"18":{"start":{"line":135,"column":8},"end":{"line":135,"column":76}},"19":{"start":{"line":136,"column":8},"end":{"line":136,"column":37}},"20":{"start":{"line":141,"column":8},"end":{"line":141,"column":4555}},"21":{"start":{"line":145,"column":8},"end":{"line":145,"column":47}},"22":{"start":{"line":146,"column":8},"end":{"line":146,"column":70}},"23":{"start":{"line":147,"column":8},"end":{"line":147,"column":39}},"24":{"start":{"line":148,"column":8},"end":{"line":148,"column":41}},"25":{"start":{"line":153,"column":8},"end":{"line":153,"column":76}},"26":{"start":{"line":154,"column":8},"end":{"line":154,"column":33}},"27":{"start":{"line":159,"column":8},"end":{"line":159,"column":49}},"28":{"start":{"line":178,"column":8},"end":{"line":178,"column":31}},"29":{"start":{"line":179,"column":8},"end":{"line":179,"column":5992}},"30":{"start":{"line":180,"column":12},"end":{"line":180,"column":56}},"31":{"start":{"line":182,"column":8},"end":{"line":182,"column":41}},"32":{"start":{"line":183,"column":8},"end":{"line":183,"column":6143}},"33":{"start":{"line":184,"column":12},"end":{"line":184,"column":52}},"34":{"start":{"line":185,"column":12},"end":{"line":185,"column":49}},"35":{"start":{"line":186,"column":12},"end":{"line":186,"column":6337}},"36":{"start":{"line":187,"column":16},"end":{"line":187,"column":43}},"37":{"start":{"line":191,"column":8},"end":{"line":191,"column":22}},"38":{"start":{"line":213,"column":8},"end":{"line":213,"column":29}},"39":{"start":{"line":214,"column":8},"end":{"line":214,"column":7281}},"40":{"start":{"line":219,"column":12},"end":{"line":219,"column":25}},"41":{"start":{"line":221,"column":8},"end":{"line":221,"column":41}},"42":{"start":{"line":222,"column":8},"end":{"line":222,"column":7508}},"43":{"start":{"line":223,"column":12},"end":{"line":223,"column":54}},"44":{"start":{"line":224,"column":12},"end":{"line":224,"column":49}},"45":{"start":{"line":225,"column":12},"end":{"line":225,"column":7706}},"46":{"start":{"line":226,"column":16},"end":{"line":226,"column":42}},"47":{"start":{"line":230,"column":8},"end":{"line":230,"column":22}},"48":{"start":{"line":237,"column":8},"end":{"line":237,"column":7977}},"49":{"start":{"line":238,"column":12},"end":{"line":238,"column":54}},"50":{"start":{"line":239,"column":12},"end":{"line":239,"column":8124}},"51":{"start":{"line":240,"column":16},"end":{"line":240,"column":38}},"52":{"start":{"line":247,"column":8},"end":{"line":247,"column":8321}},"53":{"start":{"line":248,"column":12},"end":{"line":248,"column":52}},"54":{"start":{"line":249,"column":12},"end":{"line":249,"column":34}},"55":{"start":{"line":261,"column":8},"end":{"line":261,"column":8779}},"56":{"start":{"line":262,"column":12},"end":{"line":262,"column":40}},"57":{"start":{"line":265,"column":12},"end":{"line":265,"column":42}},"58":{"start":{"line":272,"column":8},"end":{"line":272,"column":9057}},"59":{"start":{"line":273,"column":12},"end":{"line":273,"column":56}},"60":{"start":{"line":275,"column":12},"end":{"line":275,"column":9188}},"61":{"start":{"line":284,"column":8},"end":{"line":284,"column":52}},"62":{"start":{"line":289,"column":8},"end":{"line":289,"column":50}},"63":{"start":{"line":294,"column":8},"end":{"line":294,"column":9777}},"64":{"start":{"line":295,"column":12},"end":{"line":295,"column":54}},"65":{"start":{"line":297,"column":12},"end":{"line":297,"column":73}},"66":{"start":{"line":303,"column":8},"end":{"line":303,"column":60}},"67":{"start":{"line":309,"column":8},"end":{"line":309,"column":10287}},"68":{"start":{"line":315,"column":8},"end":{"line":315,"column":52}},"69":{"start":{"line":321,"column":8},"end":{"line":321,"column":10723}},"70":{"start":{"line":327,"column":8},"end":{"line":327,"column":51}},"71":{"start":{"line":333,"column":8},"end":{"line":333,"column":11171}},"72":{"start":{"line":338,"column":8},"end":{"line":338,"column":53}},"73":{"start":{"line":344,"column":8},"end":{"line":344,"column":11576}},"74":{"start":{"line":349,"column":8},"end":{"line":349,"column":49}},"75":{"start":{"line":356,"column":8},"end":{"line":356,"column":11994}},"76":{"start":{"line":361,"column":8},"end":{"line":361,"column":33}}},"branchMap":{"1":{"line":70,"type":"if","locations":[{"start":{"line":70,"column":8},"end":{"line":70,"column":8}},{"start":{"line":70,"column":8},"end":{"line":70,"column":8}}]},"2":{"line":78,"type":"if","locations":[{"start":{"line":78,"column":8},"end":{"line":78,"column":8}},{"start":{"line":78,"column":8},"end":{"line":78,"column":8}}]},"3":{"line":97,"type":"if","locations":[{"start":{"line":97,"column":8},"end":{"line":97,"column":8}},{"start":{"line":97,"column":8},"end":{"line":97,"column":8}}]},"4":{"line":106,"type":"if","locations":[{"start":{"line":106,"column":8},"end":{"line":106,"column":8}},{"start":{"line":106,"column":8},"end":{"line":106,"column":8}}]},"5":{"line":107,"type":"if","locations":[{"start":{"line":107,"column":12},"end":{"line":107,"column":12}},{"start":{"line":107,"column":12},"end":{"line":107,"column":12}}]},"6":{"line":141,"type":"if","locations":[{"start":{"line":141,"column":8},"end":{"line":141,"column":8}},{"start":{"line":141,"column":8},"end":{"line":141,"column":8}}]},"7":{"line":179,"type":"if","locations":[{"start":{"line":179,"column":8},"end":{"line":179,"column":8}},{"start":{"line":179,"column":8},"end":{"line":179,"column":8}}]},"8":{"line":186,"type":"if","locations":[{"start":{"line":186,"column":12},"end":{"line":186,"column":12}},{"start":{"line":186,"column":12},"end":{"line":186,"column":12}}]},"9":{"line":214,"type":"if","locations":[{"start":{"line":214,"column":8},"end":{"line":214,"column":8}},{"start":{"line":214,"column":8},"end":{"line":214,"column":8}}]},"10":{"line":225,"type":"if","locations":[{"start":{"line":225,"column":12},"end":{"line":225,"column":12}},{"start":{"line":225,"column":12},"end":{"line":225,"column":12}}]},"11":{"line":239,"type":"if","locations":[{"start":{"line":239,"column":12},"end":{"line":239,"column":12}},{"start":{"line":239,"column":12},"end":{"line":239,"column":12}}]},"12":{"line":261,"type":"if","locations":[{"start":{"line":261,"column":8},"end":{"line":261,"column":8}},{"start":{"line":261,"column":8},"end":{"line":261,"column":8}}]},"13":{"line":272,"type":"if","locations":[{"start":{"line":272,"column":8},"end":{"line":272,"column":8}},{"start":{"line":272,"column":8},"end":{"line":272,"column":8}}]},"14":{"line":294,"type":"if","locations":[{"start":{"line":294,"column":8},"end":{"line":294,"column":8}},{"start":{"line":294,"column":8},"end":{"line":294,"column":8}}]},"15":{"line":309,"type":"if","locations":[{"start":{"line":309,"column":8},"end":{"line":309,"column":8}},{"start":{"line":309,"column":8},"end":{"line":309,"column":8}}]},"16":{"line":321,"type":"if","locations":[{"start":{"line":321,"column":8},"end":{"line":321,"column":8}},{"start":{"line":321,"column":8},"end":{"line":321,"column":8}}]},"17":{"line":333,"type":"if","locations":[{"start":{"line":333,"column":8},"end":{"line":333,"column":8}},{"start":{"line":333,"column":8},"end":{"line":333,"column":8}}]},"18":{"line":344,"type":"if","locations":[{"start":{"line":344,"column":8},"end":{"line":344,"column":8}},{"start":{"line":344,"column":8},"end":{"line":344,"column":8}}]},"19":{"line":356,"type":"if","locations":[{"start":{"line":356,"column":8},"end":{"line":356,"column":8}},{"start":{"line":356,"column":8},"end":{"line":356,"column":8}}]}}},"contracts/OnChainNftPrototype.sol":{"l":{"19":0,"22":0,"25":0,"28":0,"30":0,"68":0,"72":0,"74":0,"75":0,"78":0,"81":0,"84":0,"86":0,"131":0,"157":0,"162":0,"164":0,"165":0,"166":0,"170":0,"171":0,"172":0,"183":0,"184":0,"185":0,"189":0,"192":0,"194":0,"196":0,"197":0,"198":0,"199":0,"200":0,"202":0,"203":0,"204":0,"205":0,"207":0,"208":0,"209":0,"210":0,"212":0,"217":0,"229":0,"233":0,"234":0,"236":0,"237":0,"238":0,"239":0,"240":0,"242":0,"243":0,"244":0,"245":0,"246":0,"247":0,"248":0,"249":0,"251":0,"255":0,"256":0,"258":0},"path":"/home/c-ubuntu/code/remixd/metanoia/contracts/OnChainNftPrototype.sol","s":{"1":0,"2":0,"3":0,"4":0,"5":0,"6":0,"7":0,"8":0,"9":0,"10":0,"11":0,"12":0,"13":0,"14":0,"15":0,"16":0,"17":0,"18":0,"19":0,"20":0,"21":0,"22":0,"23":0,"24":0,"25":0,"26":0,"27":0,"28":0,"29":0,"30":0,"31":0,"32":0,"33":0,"34":0,"35":0,"36":0,"37":0,"38":0,"39":0,"40":0,"41":0,"42":0,"43":0,"44":0,"45":0,"46":0,"47":0,"48":0,"49":0,"50":0,"51":0,"52":0,"53":0,"54":0,"55":0,"56":0,"57":0,"58":0,"59":0,"60":0,"61":0,"62":0,"63":0},"b":{"1":[0,0],"2":[0,0],"3":[0,0],"4":[0,0],"5":[0,0],"6":[0,0],"7":[0,0],"8":[0,0],"9":[0,0],"10":[0,0]},"f":{"1":0,"2":0,"3":0,"4":0,"5":0,"6":0,"7":0,"8":0,"9":0,"10":0},"fnMap":{"1":{"name":"encode","line":18,"loc":{"start":{"line":18,"column":4},"end":{"line":69,"column":4}}},"2":{"name":"decode","line":71,"loc":{"start":{"line":71,"column":4},"end":{"line":132,"column":4}}},"3":{"name":"getNftType","line":156,"loc":{"start":{"line":156,"column":2},"end":{"line":158,"column":4}}},"4":{"name":"constructor","line":160,"loc":{"start":{"line":160,"column":4},"end":{"line":167,"column":4}}},"5":{"name":"mintNewTicketCollection","line":169,"loc":{"start":{"line":169,"column":4},"end":{"line":173,"column":4}}},"6":{"name":"_mintWithAttributes","line":175,"loc":{"start":{"line":175,"column":4},"end":{"line":186,"column":4}}},"7":{"name":"setAttributes","line":188,"loc":{"start":{"line":188,"column":4},"end":{"line":214,"column":4}}},"8":{"name":"uri","line":216,"loc":{"start":{"line":216,"column":1},"end":{"line":230,"column":1}}},"9":{"name":"uint2str","line":232,"loc":{"start":{"line":232,"column":1},"end":{"line":252,"column":1}}},"10":{"name":"bool2str","line":254,"loc":{"start":{"line":254,"column":1},"end":{"line":260,"column":1}}}},"statementMap":{"1":{"start":{"line":19,"column":8},"end":{"line":19,"column":39}},"2":{"start":{"line":19,"column":30},"end":{"line":19,"column":39}},"3":{"start":{"line":22,"column":8},"end":{"line":22,"column":42}},"4":{"start":{"line":25,"column":8},"end":{"line":25,"column":56}},"5":{"start":{"line":28,"column":8},"end":{"line":28,"column":58}},"6":{"start":{"line":68,"column":8},"end":{"line":68,"column":21}},"7":{"start":{"line":72,"column":8},"end":{"line":72,"column":40}},"8":{"start":{"line":74,"column":8},"end":{"line":74,"column":49}},"9":{"start":{"line":74,"column":30},"end":{"line":74,"column":49}},"10":{"start":{"line":75,"column":8},"end":{"line":75,"column":68}},"11":{"start":{"line":78,"column":8},"end":{"line":78,"column":41}},"12":{"start":{"line":81,"column":8},"end":{"line":81,"column":50}},"13":{"start":{"line":84,"column":8},"end":{"line":84,"column":56}},"14":{"start":{"line":131,"column":8},"end":{"line":131,"column":21}},"15":{"start":{"line":157,"column":8},"end":{"line":157,"column":40}},"16":{"start":{"line":162,"column":8},"end":{"line":162,"column":30}},"17":{"start":{"line":164,"column":8},"end":{"line":164,"column":32}},"18":{"start":{"line":165,"column":8},"end":{"line":165,"column":31}},"19":{"start":{"line":166,"column":8},"end":{"line":166,"column":34}},"20":{"start":{"line":171,"column":8},"end":{"line":171,"column":80}},"21":{"start":{"line":172,"column":8},"end":{"line":172,"column":84}},"22":{"start":{"line":183,"column":8},"end":{"line":183,"column":72}},"23":{"start":{"line":184,"column":8},"end":{"line":184,"column":49}},"24":{"start":{"line":185,"column":8},"end":{"line":185,"column":36}},"25":{"start":{"line":189,"column":8},"end":{"line":189,"column":6757}},"26":{"start":{"line":192,"column":8},"end":{"line":192,"column":6966}},"27":{"start":{"line":194,"column":8},"end":{"line":194,"column":39}},"28":{"start":{"line":196,"column":8},"end":{"line":196,"column":7055}},"29":{"start":{"line":197,"column":12},"end":{"line":197,"column":52}},"30":{"start":{"line":198,"column":12},"end":{"line":198,"column":69}},"31":{"start":{"line":199,"column":12},"end":{"line":199,"column":53}},"32":{"start":{"line":200,"column":12},"end":{"line":200,"column":41}},"33":{"start":{"line":201,"column":15},"end":{"line":201,"column":7317}},"34":{"start":{"line":202,"column":12},"end":{"line":202,"column":52}},"35":{"start":{"line":203,"column":12},"end":{"line":203,"column":68}},"36":{"start":{"line":204,"column":12},"end":{"line":204,"column":53}},"37":{"start":{"line":205,"column":12},"end":{"line":205,"column":51}},"38":{"start":{"line":206,"column":15},"end":{"line":206,"column":7588}},"39":{"start":{"line":207,"column":12},"end":{"line":207,"column":51}},"40":{"start":{"line":208,"column":12},"end":{"line":208,"column":69}},"41":{"start":{"line":209,"column":12},"end":{"line":209,"column":52}},"42":{"start":{"line":210,"column":12},"end":{"line":210,"column":41}},"43":{"start":{"line":212,"column":12},"end":{"line":212,"column":70}},"44":{"start":{"line":217,"column":2},"end":{"line":217,"column":8030}},"45":{"start":{"line":229,"column":2},"end":{"line":229,"column":72}},"46":{"start":{"line":233,"column":2},"end":{"line":233,"column":8765}},"47":{"start":{"line":234,"column":3},"end":{"line":234,"column":13}},"48":{"start":{"line":236,"column":2},"end":{"line":236,"column":13}},"49":{"start":{"line":237,"column":2},"end":{"line":237,"column":10}},"50":{"start":{"line":238,"column":2},"end":{"line":238,"column":8828}},"51":{"start":{"line":240,"column":3},"end":{"line":240,"column":9}},"52":{"start":{"line":242,"column":2},"end":{"line":242,"column":36}},"53":{"start":{"line":243,"column":2},"end":{"line":243,"column":14}},"54":{"start":{"line":244,"column":2},"end":{"line":244,"column":8927}},"55":{"start":{"line":245,"column":3},"end":{"line":245,"column":9}},"56":{"start":{"line":246,"column":3},"end":{"line":246,"column":47}},"57":{"start":{"line":247,"column":3},"end":{"line":247,"column":27}},"58":{"start":{"line":248,"column":3},"end":{"line":248,"column":14}},"59":{"start":{"line":249,"column":3},"end":{"line":249,"column":10}},"60":{"start":{"line":251,"column":2},"end":{"line":251,"column":21}},"61":{"start":{"line":255,"column":2},"end":{"line":255,"column":9180}},"62":{"start":{"line":256,"column":3},"end":{"line":256,"column":16}},"63":{"start":{"line":258,"column":3},"end":{"line":258,"column":17}}},"branchMap":{"1":{"line":19,"type":"if","locations":[{"start":{"line":19,"column":8},"end":{"line":19,"column":8}},{"start":{"line":19,"column":8},"end":{"line":19,"column":8}}]},"2":{"line":74,"type":"if","locations":[{"start":{"line":74,"column":8},"end":{"line":74,"column":8}},{"start":{"line":74,"column":8},"end":{"line":74,"column":8}}]},"3":{"line":75,"type":"if","locations":[{"start":{"line":75,"column":8},"end":{"line":75,"column":8}},{"start":{"line":75,"column":8},"end":{"line":75,"column":8}}]},"4":{"line":171,"type":"if","locations":[{"start":{"line":171,"column":8},"end":{"line":171,"column":8}},{"start":{"line":171,"column":8},"end":{"line":171,"column":8}}]},"5":{"line":183,"type":"if","locations":[{"start":{"line":183,"column":8},"end":{"line":183,"column":8}},{"start":{"line":183,"column":8},"end":{"line":183,"column":8}}]},"6":{"line":196,"type":"if","locations":[{"start":{"line":196,"column":8},"end":{"line":196,"column":8}},{"start":{"line":196,"column":8},"end":{"line":196,"column":8}}]},"7":{"line":201,"type":"if","locations":[{"start":{"line":201,"column":15},"end":{"line":201,"column":15}},{"start":{"line":201,"column":15},"end":{"line":201,"column":15}}]},"8":{"line":206,"type":"if","locations":[{"start":{"line":206,"column":15},"end":{"line":206,"column":15}},{"start":{"line":206,"column":15},"end":{"line":206,"column":15}}]},"9":{"line":233,"type":"if","locations":[{"start":{"line":233,"column":2},"end":{"line":233,"column":2}},{"start":{"line":233,"column":2},"end":{"line":233,"column":2}}]},"10":{"line":255,"type":"if","locations":[{"start":{"line":255,"column":2},"end":{"line":255,"column":2}},{"start":{"line":255,"column":2},"end":{"line":255,"column":2}}]}}},"contracts/POC ERC1155 Creator v0.1.sol":{"l":{"24":0,"30":0,"31":0,"37":0,"38":0,"39":0,"44":0,"45":0,"46":0,"47":0,"51":0},"path":"/home/c-ubuntu/code/remixd/metanoia/contracts/POC ERC1155 Creator v0.1.sol","s":{"1":0,"2":0,"3":0,"4":0,"5":0,"6":0,"7":0,"8":0,"9":0,"10":0},"b":{"1":[0,0]},"f":{"1":0,"2":0,"3":0,"4":0},"fnMap":{"1":{"name":"getNftType","line":23,"loc":{"start":{"line":23,"column":4},"end":{"line":25,"column":4}}},"2":{"name":"constructor","line":28,"loc":{"start":{"line":28,"column":4},"end":{"line":41,"column":4}}},"3":{"name":"mintNewTicketCollection","line":43,"loc":{"start":{"line":43,"column":4},"end":{"line":48,"column":4}}},"4":{"name":"sendTicket","line":50,"loc":{"start":{"line":50,"column":4},"end":{"line":52,"column":4}}}},"statementMap":{"1":{"start":{"line":24,"column":8},"end":{"line":24,"column":30}},"2":{"start":{"line":30,"column":8},"end":{"line":30,"column":28}},"3":{"start":{"line":31,"column":8},"end":{"line":31,"column":30}},"4":{"start":{"line":37,"column":8},"end":{"line":37,"column":136}},"5":{"start":{"line":38,"column":8},"end":{"line":38,"column":138}},"6":{"start":{"line":39,"column":8},"end":{"line":39,"column":136}},"7":{"start":{"line":45,"column":8},"end":{"line":45,"column":80}},"8":{"start":{"line":46,"column":8},"end":{"line":46,"column":40}},"9":{"start":{"line":47,"column":8},"end":{"line":47,"column":68}},"10":{"start":{"line":51,"column":8},"end":{"line":51,"column":59}}},"branchMap":{"1":{"line":45,"type":"if","locations":[{"start":{"line":45,"column":8},"end":{"line":45,"column":8}},{"start":{"line":45,"column":8},"end":{"line":45,"column":8}}]}}},"contracts/POC ERC1155Creator.sol":{"l":{"34":0,"42":0,"43":0,"48":0,"49":0,"50":0,"54":0,"55":0,"56":0,"57":0,"58":0,"59":0,"70":0,"71":0,"72":0,"76":0,"79":0,"82":0,"84":0,"85":0,"86":0,"87":0,"88":0,"90":0,"91":0,"92":0,"93":0,"95":0,"96":0,"97":0,"98":0,"100":0,"105":0,"120":0,"124":0,"125":0,"127":0,"128":0,"129":0,"130":0,"131":0,"133":0,"134":0,"135":0,"136":0,"137":0,"138":0,"139":0,"140":0,"142":0,"146":0,"147":0,"149":0,"162":0,"165":0,"168":0,"171":0,"173":0,"211":0,"215":0,"217":0,"218":0,"221":0,"224":0,"227":0,"229":0,"274":0},"path":"/home/c-ubuntu/code/remixd/metanoia/contracts/POC ERC1155Creator.sol","s":{"1":0,"2":0,"3":0,"4":0,"5":0,"6":0,"7":0,"8":0,"9":0,"10":0,"11":0,"12":0,"13":0,"14":0,"15":0,"16":0,"17":0,"18":0,"19":0,"20":0,"21":0,"22":0,"23":0,"24":0,"25":0,"26":0,"27":0,"28":0,"29":0,"30":0,"31":0,"32":0,"33":0,"34":0,"35":0,"36":0,"37":0,"38":0,"39":0,"40":0,"41":0,"42":0,"43":0,"44":0,"45":0,"46":0,"47":0,"48":0,"49":0,"50":0,"51":0,"52":0,"53":0,"54":0,"55":0,"56":0,"57":0,"58":0,"59":0,"60":0,"61":0,"62":0,"63":0,"64":0,"65":0,"66":0,"67":0},"b":{"1":[0,0],"2":[0,0],"3":[0,0],"4":[0,0],"5":[0,0],"6":[0,0],"7":[0,0],"8":[0,0],"9":[0,0],"10":[0,0],"11":[0,0]},"f":{"1":0,"2":0,"3":0,"4":0,"5":0,"6":0,"7":0,"8":0,"9":0,"10":0},"fnMap":{"1":{"name":"getNftType","line":33,"loc":{"start":{"line":33,"column":4},"end":{"line":35,"column":4}}},"2":{"name":"constructor","line":40,"loc":{"start":{"line":37,"column":4},"end":{"line":51,"column":4}}},"3":{"name":"mintNewTicketCollection","line":53,"loc":{"start":{"line":53,"column":4},"end":{"line":60,"column":4}}},"4":{"name":"_mintWithAttributes","line":62,"loc":{"start":{"line":62,"column":4},"end":{"line":73,"column":4}}},"5":{"name":"setAttributes","line":75,"loc":{"start":{"line":75,"column":4},"end":{"line":102,"column":4}}},"6":{"name":"uri","line":104,"loc":{"start":{"line":104,"column":1},"end":{"line":121,"column":1}}},"7":{"name":"uint2str","line":123,"loc":{"start":{"line":123,"column":1},"end":{"line":143,"column":1}}},"8":{"name":"bool2str","line":145,"loc":{"start":{"line":145,"column":1},"end":{"line":151,"column":1}}},"9":{"name":"encode","line":161,"loc":{"start":{"line":161,"column":4},"end":{"line":212,"column":4}}},"10":{"name":"decode","line":214,"loc":{"start":{"line":214,"column":4},"end":{"line":275,"column":4}}}},"statementMap":{"1":{"start":{"line":34,"column":8},"end":{"line":34,"column":40}},"2":{"start":{"line":42,"column":8},"end":{"line":42,"column":28}},"3":{"start":{"line":43,"column":8},"end":{"line":43,"column":30}},"4":{"start":{"line":48,"column":8},"end":{"line":48,"column":32}},"5":{"start":{"line":49,"column":8},"end":{"line":49,"column":31}},"6":{"start":{"line":50,"column":8},"end":{"line":50,"column":34}},"7":{"start":{"line":54,"column":8},"end":{"line":54,"column":80}},"8":{"start":{"line":55,"column":8},"end":{"line":55,"column":79}},"9":{"start":{"line":57,"column":8},"end":{"line":57,"column":28}},"10":{"start":{"line":58,"column":8},"end":{"line":58,"column":84}},"11":{"start":{"line":59,"column":8},"end":{"line":59,"column":28}},"12":{"start":{"line":70,"column":8},"end":{"line":70,"column":72}},"13":{"start":{"line":71,"column":8},"end":{"line":71,"column":49}},"14":{"start":{"line":72,"column":8},"end":{"line":72,"column":36}},"15":{"start":{"line":76,"column":8},"end":{"line":76,"column":2674}},"16":{"start":{"line":79,"column":8},"end":{"line":79,"column":2883}},"17":{"start":{"line":82,"column":8},"end":{"line":82,"column":39}},"18":{"start":{"line":84,"column":8},"end":{"line":84,"column":3025}},"19":{"start":{"line":85,"column":12},"end":{"line":85,"column":52}},"20":{"start":{"line":86,"column":12},"end":{"line":86,"column":69}},"21":{"start":{"line":87,"column":12},"end":{"line":87,"column":53}},"22":{"start":{"line":88,"column":12},"end":{"line":88,"column":41}},"23":{"start":{"line":89,"column":15},"end":{"line":89,"column":3287}},"24":{"start":{"line":90,"column":12},"end":{"line":90,"column":52}},"25":{"start":{"line":91,"column":12},"end":{"line":91,"column":68}},"26":{"start":{"line":92,"column":12},"end":{"line":92,"column":53}},"27":{"start":{"line":93,"column":12},"end":{"line":93,"column":51}},"28":{"start":{"line":94,"column":15},"end":{"line":94,"column":3558}},"29":{"start":{"line":95,"column":12},"end":{"line":95,"column":51}},"30":{"start":{"line":96,"column":12},"end":{"line":96,"column":69}},"31":{"start":{"line":97,"column":12},"end":{"line":97,"column":52}},"32":{"start":{"line":98,"column":12},"end":{"line":98,"column":41}},"33":{"start":{"line":100,"column":12},"end":{"line":100,"column":70}},"34":{"start":{"line":105,"column":2},"end":{"line":105,"column":4000}},"35":{"start":{"line":120,"column":2},"end":{"line":120,"column":72}},"36":{"start":{"line":124,"column":2},"end":{"line":124,"column":4798}},"37":{"start":{"line":125,"column":3},"end":{"line":125,"column":13}},"38":{"start":{"line":127,"column":2},"end":{"line":127,"column":13}},"39":{"start":{"line":128,"column":2},"end":{"line":128,"column":10}},"40":{"start":{"line":129,"column":2},"end":{"line":129,"column":4861}},"41":{"start":{"line":131,"column":3},"end":{"line":131,"column":9}},"42":{"start":{"line":133,"column":2},"end":{"line":133,"column":36}},"43":{"start":{"line":134,"column":2},"end":{"line":134,"column":14}},"44":{"start":{"line":135,"column":2},"end":{"line":135,"column":4960}},"45":{"start":{"line":136,"column":3},"end":{"line":136,"column":9}},"46":{"start":{"line":137,"column":3},"end":{"line":137,"column":47}},"47":{"start":{"line":138,"column":3},"end":{"line":138,"column":27}},"48":{"start":{"line":139,"column":3},"end":{"line":139,"column":14}},"49":{"start":{"line":140,"column":3},"end":{"line":140,"column":10}},"50":{"start":{"line":142,"column":2},"end":{"line":142,"column":21}},"51":{"start":{"line":146,"column":2},"end":{"line":146,"column":5213}},"52":{"start":{"line":147,"column":3},"end":{"line":147,"column":16}},"53":{"start":{"line":149,"column":3},"end":{"line":149,"column":17}},"54":{"start":{"line":162,"column":8},"end":{"line":162,"column":39}},"55":{"start":{"line":162,"column":30},"end":{"line":162,"column":39}},"56":{"start":{"line":165,"column":8},"end":{"line":165,"column":42}},"57":{"start":{"line":168,"column":8},"end":{"line":168,"column":56}},"58":{"start":{"line":171,"column":8},"end":{"line":171,"column":58}},"59":{"start":{"line":211,"column":8},"end":{"line":211,"column":21}},"60":{"start":{"line":215,"column":8},"end":{"line":215,"column":40}},"61":{"start":{"line":217,"column":8},"end":{"line":217,"column":49}},"62":{"start":{"line":217,"column":30},"end":{"line":217,"column":49}},"63":{"start":{"line":218,"column":8},"end":{"line":218,"column":68}},"64":{"start":{"line":221,"column":8},"end":{"line":221,"column":41}},"65":{"start":{"line":224,"column":8},"end":{"line":224,"column":50}},"66":{"start":{"line":227,"column":8},"end":{"line":227,"column":56}},"67":{"start":{"line":274,"column":8},"end":{"line":274,"column":21}}},"branchMap":{"1":{"line":54,"type":"if","locations":[{"start":{"line":54,"column":8},"end":{"line":54,"column":8}},{"start":{"line":54,"column":8},"end":{"line":54,"column":8}}]},"2":{"line":55,"type":"if","locations":[{"start":{"line":55,"column":8},"end":{"line":55,"column":8}},{"start":{"line":55,"column":8},"end":{"line":55,"column":8}}]},"3":{"line":70,"type":"if","locations":[{"start":{"line":70,"column":8},"end":{"line":70,"column":8}},{"start":{"line":70,"column":8},"end":{"line":70,"column":8}}]},"4":{"line":84,"type":"if","locations":[{"start":{"line":84,"column":8},"end":{"line":84,"column":8}},{"start":{"line":84,"column":8},"end":{"line":84,"column":8}}]},"5":{"line":89,"type":"if","locations":[{"start":{"line":89,"column":15},"end":{"line":89,"column":15}},{"start":{"line":89,"column":15},"end":{"line":89,"column":15}}]},"6":{"line":94,"type":"if","locations":[{"start":{"line":94,"column":15},"end":{"line":94,"column":15}},{"start":{"line":94,"column":15},"end":{"line":94,"column":15}}]},"7":{"line":124,"type":"if","locations":[{"start":{"line":124,"column":2},"end":{"line":124,"column":2}},{"start":{"line":124,"column":2},"end":{"line":124,"column":2}}]},"8":{"line":146,"type":"if","locations":[{"start":{"line":146,"column":2},"end":{"line":146,"column":2}},{"start":{"line":146,"column":2},"end":{"line":146,"column":2}}]},"9":{"line":162,"type":"if","locations":[{"start":{"line":162,"column":8},"end":{"line":162,"column":8}},{"start":{"line":162,"column":8},"end":{"line":162,"column":8}}]},"10":{"line":217,"type":"if","locations":[{"start":{"line":217,"column":8},"end":{"line":217,"column":8}},{"start":{"line":217,"column":8},"end":{"line":217,"column":8}}]},"11":{"line":218,"type":"if","locations":[{"start":{"line":218,"column":8},"end":{"line":218,"column":8}},{"start":{"line":218,"column":8},"end":{"line":218,"column":8}}]}}},"contracts/USDC Escrow Storage.sol":{"l":{"46":0,"47":0,"48":0,"52":0,"53":0,"59":0,"61":0,"62":0,"67":0,"68":0,"72":0,"76":0,"81":0,"82":0,"86":0,"91":0,"92":0,"96":0,"101":0,"102":0,"105":0,"109":0,"113":0},"path":"/home/c-ubuntu/code/remixd/metanoia/contracts/USDC Escrow Storage.sol","s":{"1":0,"2":0,"3":0,"4":0,"5":0,"6":0,"7":0,"8":0,"9":0,"10":0,"11":0,"12":0,"13":0,"14":0,"15":0,"16":0,"17":0,"18":0,"19":0,"20":0,"21":0},"b":{"1":[0,0],"2":[0,0],"3":[0,0],"4":[0,0],"5":[0,0],"6":[0,0],"7":[0,0],"8":[0,0]},"f":{"1":0,"2":0,"3":0,"4":0,"5":0,"6":0,"7":0,"8":0,"9":0},"fnMap":{"1":{"name":"onlyOnce","line":45,"loc":{"start":{"line":45,"column":4},"end":{"line":49,"column":4}}},"2":{"name":"initialize","line":51,"loc":{"start":{"line":51,"column":4},"end":{"line":54,"column":4}}},"3":{"name":"receiveUSDC","line":58,"loc":{"start":{"line":58,"column":4},"end":{"line":63,"column":4}}},"4":{"name":"refundUsdcTo","line":66,"loc":{"start":{"line":66,"column":4},"end":{"line":69,"column":4}}},"5":{"name":"getUsdcBalance","line":71,"loc":{"start":{"line":71,"column":4},"end":{"line":73,"column":4}}},"6":{"name":"transferUsdcBalance","line":75,"loc":{"start":{"line":75,"column":4},"end":{"line":83,"column":4}}},"7":{"name":"increaseUsdcBalance","line":85,"loc":{"start":{"line":85,"column":4},"end":{"line":93,"column":4}}},"8":{"name":"decreaseUsdcBalance","line":95,"loc":{"start":{"line":95,"column":4},"end":{"line":106,"column":4}}},"9":{"name":null,"line":112,"loc":{"start":{"line":112,"column":4},"end":{"line":114,"column":4}}}},"statementMap":{"1":{"start":{"line":46,"column":8},"end":{"line":46,"column":69}},"2":{"start":{"line":47,"column":8},"end":{"line":47,"column":26}},"3":{"start":{"line":52,"column":8},"end":{"line":52,"column":68}},"4":{"start":{"line":53,"column":8},"end":{"line":53,"column":43}},"5":{"start":{"line":59,"column":8},"end":{"line":59,"column":73}},"6":{"start":{"line":61,"column":8},"end":{"line":61,"column":64}},"7":{"start":{"line":62,"column":8},"end":{"line":62,"column":41}},"8":{"start":{"line":67,"column":8},"end":{"line":67,"column":38}},"9":{"start":{"line":68,"column":8},"end":{"line":68,"column":56}},"10":{"start":{"line":72,"column":8},"end":{"line":72,"column":37}},"11":{"start":{"line":76,"column":8},"end":{"line":76,"column":2399}},"12":{"start":{"line":81,"column":8},"end":{"line":81,"column":40}},"13":{"start":{"line":82,"column":8},"end":{"line":82,"column":38}},"14":{"start":{"line":86,"column":8},"end":{"line":86,"column":2753}},"15":{"start":{"line":91,"column":8},"end":{"line":91,"column":104}},"16":{"start":{"line":92,"column":8},"end":{"line":92,"column":39}},"17":{"start":{"line":96,"column":8},"end":{"line":96,"column":3172}},"18":{"start":{"line":101,"column":8},"end":{"line":101,"column":104}},"19":{"start":{"line":102,"column":8},"end":{"line":102,"column":3536}},"20":{"start":{"line":105,"column":8},"end":{"line":105,"column":39}},"21":{"start":{"line":113,"column":8},"end":{"line":113,"column":106}}},"branchMap":{"1":{"line":46,"type":"if","locations":[{"start":{"line":46,"column":8},"end":{"line":46,"column":8}},{"start":{"line":46,"column":8},"end":{"line":46,"column":8}}]},"2":{"line":59,"type":"if","locations":[{"start":{"line":59,"column":8},"end":{"line":59,"column":8}},{"start":{"line":59,"column":8},"end":{"line":59,"column":8}}]},"3":{"line":76,"type":"if","locations":[{"start":{"line":76,"column":8},"end":{"line":76,"column":8}},{"start":{"line":76,"column":8},"end":{"line":76,"column":8}}]},"4":{"line":86,"type":"if","locations":[{"start":{"line":86,"column":8},"end":{"line":86,"column":8}},{"start":{"line":86,"column":8},"end":{"line":86,"column":8}}]},"5":{"line":91,"type":"if","locations":[{"start":{"line":91,"column":8},"end":{"line":91,"column":8}},{"start":{"line":91,"column":8},"end":{"line":91,"column":8}}]},"6":{"line":96,"type":"if","locations":[{"start":{"line":96,"column":8},"end":{"line":96,"column":8}},{"start":{"line":96,"column":8},"end":{"line":96,"column":8}}]},"7":{"line":101,"type":"if","locations":[{"start":{"line":101,"column":8},"end":{"line":101,"column":8}},{"start":{"line":101,"column":8},"end":{"line":101,"column":8}}]},"8":{"line":102,"type":"if","locations":[{"start":{"line":102,"column":8},"end":{"line":102,"column":8}},{"start":{"line":102,"column":8},"end":{"line":102,"column":8}}]}}}}