TN:
SF:/home/c-ubuntu/code/remixd/metanoia/contracts/Access Control Extension.sol
FNF:0
FNH:0
LF:0
LH:0
BRF:0
BRH:0
end_of_record
TN:
SF:/home/c-ubuntu/code/remixd/metanoia/contracts/Coding Utilities.sol
FNF:0
FNH:0
LF:0
LH:0
BRF:0
BRH:0
end_of_record
TN:
SF:/home/c-ubuntu/code/remixd/metanoia/contracts/dummy_contract.sol
FN:14,store
FN:20,retrieve
FNF:2
FNH:0
FNDA:0,store
FNDA:0,retrieve
DA:15,0
DA:16,0
DA:21,0
LF:3
LH:0
BRF:0
BRH:0
end_of_record
TN:
SF:/home/c-ubuntu/code/remixd/metanoia/contracts/DynamicVars.sol
FN:13,declareStringVar
FN:17,setStringVarValue
FNF:2
FNH:0
FNDA:0,declareStringVar
FNDA:0,setStringVarValue
DA:14,0
DA:19,0
DA:20,0
LF:3
LH:0
BRF:0
BRH:0
end_of_record
TN:
SF:/home/c-ubuntu/code/remixd/metanoia/contracts/ERC1155 Redeemer.sol
FN:38,onERC1155Received
FN:70,onERC1155BatchReceived
FN:82,returnERC1155
FN:96,checkThisContractsBalance
FNF:4
FNH:0
FNDA:0,onERC1155Received
FNDA:0,onERC1155BatchReceived
FNDA:0,returnERC1155
FNDA:0,checkThisContractsBalance
DA:45,0
DA:46,0
DA:51,0
DA:52,0
DA:56,0
DA:61,0
DA:63,0
DA:64,0
DA:65,0
DA:66,0
DA:77,0
DA:83,0
DA:88,0
DA:91,0
DA:92,0
DA:98,0
LF:16
LH:0
BRDA:45,1,0,0
BRDA:45,1,1,0
BRDA:46,2,0,0
BRDA:46,2,1,0
BRDA:52,3,0,0
BRDA:52,3,1,0
BRDA:56,4,0,0
BRDA:56,4,1,0
BRDA:83,5,0,0
BRDA:83,5,1,0
BRDA:88,6,0,0
BRDA:88,6,1,0
BRF:12
BRH:0
end_of_record
TN:
SF:/home/c-ubuntu/code/remixd/metanoia/contracts/ERC1155MultiUri_UserUpgradeable_ModeratedUris.sol
FN:50,safeUpdateURI
FN:75,_mintWithURI
FN:91,constructor
FN:99,supportsInterface
FNF:4
FNH:0
FNDA:0,safeUpdateURI
FNDA:0,_mintWithURI
FNDA:0,constructor
FNDA:0,supportsInterface
DA:55,0
DA:61,0
DA:76,0
DA:80,0
DA:87,0
DA:88,0
DA:101,0
LF:7
LH:0
BRDA:55,1,0,0
BRDA:55,1,1,0
BRDA:76,2,0,0
BRDA:76,2,1,0
BRDA:80,3,0,0
BRDA:80,3,1,0
BRF:6
BRH:0
end_of_record
TN:
SF:/home/c-ubuntu/code/remixd/metanoia/contracts/ERC1155MultiUri_UserUpgradeable.sol
FN:40,mintsTokens
FN:54,isPermanentlyUnique
FN:63,_lockMinting
FN:71,_safeUpdateURI
FN:107,_mintWithURI
FN:126,_mintWithoutURI
FNF:6
FNH:0
FNDA:0,mintsTokens
FNDA:0,isPermanentlyUnique
FNDA:0,_lockMinting
FNDA:0,_safeUpdateURI
FNDA:0,_mintWithURI
FNDA:0,_mintWithoutURI
DA:41,0
DA:42,0
DA:55,0
DA:64,0
DA:76,0
DA:80,0
DA:84,0
DA:85,0
DA:93,0
DA:108,0
DA:113,0
DA:114,0
DA:127,0
DA:129,0
LF:14
LH:0
BRDA:41,1,0,0
BRDA:41,1,1,0
BRDA:76,2,0,0
BRDA:76,2,1,0
BRDA:80,3,0,0
BRDA:80,3,1,0
BRDA:85,4,0,0
BRDA:85,4,1,0
BRDA:108,5,0,0
BRDA:108,5,1,0
BRDA:127,6,0,0
BRDA:127,6,1,0
BRF:12
BRH:0
end_of_record
TN:
SF:/home/c-ubuntu/code/remixd/metanoia/contracts/ERC1155MultiUri.sol
FN:50,uri
FN:55,_setURI
FN:59,_mintWithURI
FN:72,_mintWithoutURI
FNF:4
FNH:0
FNDA:0,uri
FNDA:0,_setURI
FNDA:0,_mintWithURI
FNDA:0,_mintWithoutURI
DA:52,0
DA:56,0
DA:66,0
DA:68,0
DA:69,0
DA:78,0
DA:80,0
LF:7
LH:0
BRDA:66,1,0,0
BRDA:66,1,1,0
BRDA:78,2,0,0
BRDA:78,2,1,0
BRF:4
BRH:0
end_of_record
TN:
SF:/home/c-ubuntu/code/remixd/metanoia/contracts/ERC1155OnChainMetadatas.sol
FN:48,_mintWithAttributes
FN:70,_mintWithoutAttributes
FN:80,setAttributes
FN:116,uri
FN:170,compareStrings
FN:174,typeToString
FN:199,boolToString
FN:207,intToString
FN:224,bytesToString
FN:270,bytesToBool
FN:283,bytesToUint
FN:291,bytesToAddress
FN:305,encode
FN:358,decode
FNF:14
FNH:0
FNDA:0,_mintWithAttributes
FNDA:0,_mintWithoutAttributes
FNDA:0,setAttributes
FNDA:0,uri
FNDA:0,compareStrings
FNDA:0,typeToString
FNDA:0,boolToString
FNDA:0,intToString
FNDA:0,bytesToString
FNDA:0,bytesToBool
FNDA:0,bytesToUint
FNDA:0,bytesToAddress
FNDA:0,encode
FNDA:0,decode
DA:61,0
DA:62,0
DA:64,0
DA:76,0
DA:77,0
DA:90,0
DA:95,0
DA:96,0
DA:97,0
DA:98,0
DA:99,0
DA:100,0
DA:103,0
DA:105,0
DA:106,0
DA:107,0
DA:108,0
DA:109,0
DA:110,0
DA:111,0
DA:112,0
DA:117,0
DA:118,0
DA:120,0
DA:121,0
DA:122,0
DA:123,0
DA:135,0
DA:146,0
DA:149,0
DA:163,0
DA:171,0
DA:176,0
DA:177,0
DA:180,0
DA:183,0
DA:186,0
DA:189,0
DA:192,0
DA:195,0
DA:200,0
DA:201,0
DA:203,0
DA:208,0
DA:209,0
DA:212,0
DA:225,0
DA:226,0
DA:228,0
DA:229,0
DA:231,0
DA:233,0
DA:234,0
DA:237,0
DA:240,0
DA:257,0
DA:259,0
DA:260,0
DA:271,0
DA:272,0
DA:273,0
DA:276,0
DA:279,0
DA:284,0
DA:285,0
DA:286,0
DA:288,0
DA:292,0
DA:306,0
DA:309,0
DA:312,0
DA:315,0
DA:317,0
DA:355,0
DA:359,0
DA:361,0
DA:362,0
DA:365,0
DA:368,0
DA:371,0
DA:373,0
DA:418,0
LF:82
LH:0
BRDA:61,1,0,0
BRDA:61,1,1,0
BRDA:76,2,0,0
BRDA:76,2,1,0
BRDA:90,3,0,0
BRDA:90,3,1,0
BRDA:98,4,0,0
BRDA:98,4,1,0
BRDA:103,5,0,0
BRDA:103,5,1,0
BRDA:122,6,0,0
BRDA:122,6,1,0
BRDA:176,7,0,0
BRDA:176,7,1,0
BRDA:179,8,0,0
BRDA:179,8,1,0
BRDA:182,9,0,0
BRDA:182,9,1,0
BRDA:185,10,0,0
BRDA:185,10,1,0
BRDA:188,11,0,0
BRDA:188,11,1,0
BRDA:191,12,0,0
BRDA:191,12,1,0
BRDA:200,13,0,0
BRDA:200,13,1,0
BRDA:208,14,0,0
BRDA:208,14,1,0
BRDA:231,15,0,0
BRDA:231,15,1,0
BRDA:257,16,0,0
BRDA:257,16,1,0
BRDA:271,17,0,0
BRDA:271,17,1,0
BRDA:272,18,0,0
BRDA:272,18,1,0
BRDA:275,19,0,0
BRDA:275,19,1,0
BRDA:306,20,0,0
BRDA:306,20,1,0
BRDA:361,21,0,0
BRDA:361,21,1,0
BRDA:362,22,0,0
BRDA:362,22,1,0
BRF:44
BRH:0
end_of_record
TN:
SF:/home/c-ubuntu/code/remixd/metanoia/contracts/Founding Citizens NFT Mint Storage.sol
FN:57,isNewMint
FN:71,constructor
FN:76,initialize
FN:82,getNextUnusedToken
FN:86,getMaxSupply
FN:94,preLoadURIs
FN:111,mintNextNftToAddress
FNF:7
FNH:0
FNDA:0,isNewMint
FNDA:0,constructor
FNDA:0,initialize
FNDA:0,getNextUnusedToken
FNDA:0,getMaxSupply
FNDA:0,preLoadURIs
FNDA:0,mintNextNftToAddress
DA:58,0
DA:63,0
DA:64,0
DA:66,0
DA:67,0
DA:72,0
DA:73,0
DA:77,0
DA:78,0
DA:79,0
DA:83,0
DA:87,0
DA:95,0
DA:100,0
DA:101,0
DA:102,0
DA:103,0
DA:104,0
DA:112,0
DA:117,0
DA:123,0
DA:124,0
LF:22
LH:0
BRDA:58,1,0,0
BRDA:58,1,1,0
BRDA:63,2,0,0
BRDA:63,2,1,0
BRDA:95,3,0,0
BRDA:95,3,1,0
BRDA:103,4,0,0
BRDA:103,4,1,0
BRDA:112,5,0,0
BRDA:112,5,1,0
BRDA:117,6,0,0
BRDA:117,6,1,0
BRF:12
BRH:0
end_of_record
TN:
SF:/home/c-ubuntu/code/remixd/metanoia/contracts/Founding Citizens NFT Sale Privileged Buyers List Storage.sol
FN:64,idOf
FN:68,couponListLength
FN:72,addressExists
FN:76,addressHasCoupon
FN:80,addressHasCoupon
FN:90,addAddress
FN:108,removeAddress
FN:130,addCoupon
FN:150,removeCoupon
FN:163,_reduceCouponUses
FN:175,reduceCouponUses
FN:191,useCoupon
FN:201,_initList
FNF:13
FNH:0
FNDA:0,idOf
FNDA:0,couponListLength
FNDA:0,addressExists
FNDA:0,addressHasCoupon
FNDA:0,addressHasCoupon
FNDA:0,addAddress
FNDA:0,removeAddress
FNDA:0,addCoupon
FNDA:0,removeCoupon
FNDA:0,_reduceCouponUses
FNDA:0,reduceCouponUses
FNDA:0,useCoupon
FNDA:0,_initList
DA:65,0
DA:69,0
DA:73,0
DA:77,0
DA:81,0
DA:82,0
DA:84,0
DA:87,0
DA:91,0
DA:98,0
DA:99,0
DA:100,0
DA:109,0
DA:115,0
DA:116,0
DA:118,0
DA:119,0
DA:121,0
DA:122,0
DA:124,0
DA:125,0
DA:127,0
DA:131,0
DA:136,0
DA:137,0
DA:140,0
DA:142,0
DA:145,0
DA:151,0
DA:157,0
DA:159,0
DA:160,0
DA:164,0
DA:165,0
DA:168,0
DA:169,0
DA:170,0
DA:171,0
DA:176,0
DA:182,0
DA:183,0
DA:185,0
DA:186,0
DA:192,0
DA:198,0
DA:202,0
DA:203,0
DA:204,0
DA:205,0
DA:206,0
DA:207,0
DA:208,0
LF:52
LH:0
BRDA:82,1,0,0
BRDA:82,1,1,0
BRDA:91,2,0,0
BRDA:91,2,1,0
BRDA:109,3,0,0
BRDA:109,3,1,0
BRDA:131,4,0,0
BRDA:131,4,1,0
BRDA:136,5,0,0
BRDA:136,5,1,0
BRDA:151,6,0,0
BRDA:151,6,1,0
BRDA:168,7,0,0
BRDA:168,7,1,0
BRDA:170,8,0,0
BRDA:170,8,1,0
BRDA:176,9,0,0
BRDA:176,9,1,0
BRDA:183,10,0,0
BRDA:183,10,1,0
BRDA:192,11,0,0
BRDA:192,11,1,0
BRF:22
BRH:0
end_of_record
TN:
SF:/home/c-ubuntu/code/remixd/metanoia/contracts/Founding Citizens NFT Sale.sol
FN:88,requiresUpdate
FN:93,pushesUpdate
FN:98,requiresConsistentState
FN:103,constructor
FN:107,updateState
FN:122,setERC1155StorageContractAddress
FN:126,setPrivilegedBuyersListContractAddress
FN:130,setUsdcEscrowContractAddress
FN:134,mintNextNftToAddress
FN:138,preLoadURIs
FN:148,getNextUnusedToken
FN:152,getMaxSupply
FN:156,setstartTime
FN:165,setEndTime
FN:175,calculateCustomPrice
FN:183,updateAndCalculateCustomPrice
FN:187,_buyNFT
FN:192,buyNFT
FN:197,buyNftWithDiscount
FN:204,mintRemainderToTreasuryAddress
FN:220,mintNextToTreasuryAddress
FN:235,mintNextManyToTreasuryAddress
FNF:22
FNH:0
FNDA:0,requiresUpdate
FNDA:0,pushesUpdate
FNDA:0,requiresConsistentState
FNDA:0,constructor
FNDA:0,updateState
FNDA:0,setERC1155StorageContractAddress
FNDA:0,setPrivilegedBuyersListContractAddress
FNDA:0,setUsdcEscrowContractAddress
FNDA:0,mintNextNftToAddress
FNDA:0,preLoadURIs
FNDA:0,getNextUnusedToken
FNDA:0,getMaxSupply
FNDA:0,setstartTime
FNDA:0,setEndTime
FNDA:0,calculateCustomPrice
FNDA:0,updateAndCalculateCustomPrice
FNDA:0,_buyNFT
FNDA:0,buyNFT
FNDA:0,buyNftWithDiscount
FNDA:0,mintRemainderToTreasuryAddress
FNDA:0,mintNextToTreasuryAddress
FNDA:0,mintNextManyToTreasuryAddress
DA:89,0
DA:90,0
DA:94,0
DA:95,0
DA:99,0
DA:100,0
DA:109,0
DA:112,0
DA:115,0
DA:116,0
DA:118,0
DA:123,0
DA:127,0
DA:131,0
DA:135,0
DA:140,0
DA:145,0
DA:149,0
DA:153,0
DA:157,0
DA:162,0
DA:166,0
DA:171,0
DA:176,0
DA:178,0
DA:179,0
DA:184,0
DA:188,0
DA:189,0
DA:193,0
DA:194,0
DA:198,0
DA:199,0
DA:205,0
DA:210,0
DA:214,0
DA:215,0
DA:216,0
DA:221,0
DA:226,0
DA:230,0
DA:231,0
DA:232,0
DA:236,0
DA:241,0
DA:245,0
DA:246,0
DA:247,0
DA:248,0
DA:250,0
LF:50
LH:0
BRDA:89,1,0,0
BRDA:89,1,1,0
BRDA:99,2,0,0
BRDA:99,2,1,0
BRDA:115,3,0,0
BRDA:115,3,1,0
BRDA:140,4,0,0
BRDA:140,4,1,0
BRDA:157,5,0,0
BRDA:157,5,1,0
BRDA:166,6,0,0
BRDA:166,6,1,0
BRDA:176,7,0,0
BRDA:176,7,1,0
BRDA:205,8,0,0
BRDA:205,8,1,0
BRDA:210,9,0,0
BRDA:210,9,1,0
BRDA:221,10,0,0
BRDA:221,10,1,0
BRDA:226,11,0,0
BRDA:226,11,1,0
BRDA:231,12,0,0
BRDA:231,12,1,0
BRDA:236,13,0,0
BRDA:236,13,1,0
BRDA:241,14,0,0
BRDA:241,14,1,0
BRF:28
BRH:0
end_of_record
TN:
SF:/home/c-ubuntu/code/remixd/metanoia/contracts/Founding Settlers List.sol
FN:70,_addAddress
FN:87,_removeAddress
FN:116,_initList
FNF:3
FNH:0
FNDA:0,_addAddress
FNDA:0,_removeAddress
FNDA:0,_initList
DA:72,0
DA:73,0
DA:76,0
DA:77,0
DA:78,0
DA:89,0
DA:90,0
DA:92,0
DA:93,0
DA:95,0
DA:96,0
DA:101,0
DA:102,0
DA:108,0
DA:109,0
DA:112,0
DA:117,0
DA:118,0
DA:119,0
DA:120,0
DA:121,0
DA:122,0
DA:123,0
LF:23
LH:0
BRDA:72,1,0,0
BRDA:72,1,1,0
BRDA:73,2,0,0
BRDA:73,2,1,0
BRDA:89,3,0,0
BRDA:89,3,1,0
BRDA:90,4,0,0
BRDA:90,4,1,0
BRF:8
BRH:0
end_of_record
TN:
SF:/home/c-ubuntu/code/remixd/metanoia/contracts/IFoundingSettlersList.sol
FNF:0
FNH:0
LF:0
LH:0
BRF:0
BRH:0
end_of_record
TN:
SF:/home/c-ubuntu/code/remixd/metanoia/contracts/Metanoia Settlers Airdrop Raffle.sol
FN:68,isExistingMint
FN:82,isNewMint
FN:93,constructor
FN:112,_getDistinctPseudoRandomNumbers
FN:134,_rand
FN:145,_resetRandomNumbers
FN:155,sendItems
FN:162,sendItem
FN:169,_mintByAirdrop
FN:185,mintByAirdrop
FN:193,mintNewByAirdrop
FN:200,_mintByRaffle
FN:224,mintByRaffle
FN:233,mintNewByRaffle
FN:240,mintToExtrasHolder
FN:249,mintNewToExtrasHolder
FNF:16
FNH:0
FNDA:0,isExistingMint
FNDA:0,isNewMint
FNDA:0,constructor
FNDA:0,_getDistinctPseudoRandomNumbers
FNDA:0,_rand
FNDA:0,_resetRandomNumbers
FNDA:0,sendItems
FNDA:0,sendItem
FNDA:0,_mintByAirdrop
FNDA:0,mintByAirdrop
FNDA:0,mintNewByAirdrop
FNDA:0,_mintByRaffle
FNDA:0,mintByRaffle
FNDA:0,mintNewByRaffle
FNDA:0,mintToExtrasHolder
FNDA:0,mintNewToExtrasHolder
DA:69,0
DA:72,0
DA:73,0
DA:75,0
DA:76,0
DA:83,0
DA:86,0
DA:87,0
DA:89,0
DA:90,0
DA:95,0
DA:96,0
DA:113,0
DA:115,0
DA:116,0
DA:117,0
DA:118,0
DA:119,0
DA:120,0
DA:121,0
DA:122,0
DA:123,0
DA:126,0
DA:127,0
DA:128,0
DA:135,0
DA:136,0
DA:138,0
DA:139,0
DA:146,0
DA:147,0
DA:149,0
DA:156,0
DA:163,0
DA:171,0
DA:172,0
DA:173,0
DA:176,0
DA:186,0
DA:194,0
DA:203,0
DA:204,0
DA:205,0
DA:206,0
DA:207,0
DA:210,0
DA:213,0
DA:225,0
DA:234,0
DA:241,0
DA:250,0
LF:51
LH:0
BRDA:69,1,0,0
BRDA:69,1,1,0
BRDA:72,2,0,0
BRDA:72,2,1,0
BRDA:83,3,0,0
BRDA:83,3,1,0
BRDA:86,4,0,0
BRDA:86,4,1,0
BRDA:113,5,0,0
BRDA:113,5,1,0
BRDA:122,6,0,0
BRDA:122,6,1,0
BRDA:126,7,0,0
BRDA:126,7,1,0
BRDA:135,8,0,0
BRDA:135,8,1,0
BRDA:172,9,0,0
BRDA:172,9,1,0
BRDA:204,10,0,0
BRDA:204,10,1,0
BRDA:206,11,0,0
BRDA:206,11,1,0
BRF:22
BRH:0
end_of_record
TN:
SF:/home/c-ubuntu/code/remixd/metanoia/contracts/Metanoia Settlers NFT mint.sol
FN:66,constructor
FN:103,addAddress
FN:113,removeAddress
FN:123,sendTicket
FN:133,getMFS_length
FN:143,getMFS_list
FN:153,getMFS_listInv
FNF:7
FNH:0
FNDA:0,constructor
FNDA:0,addAddress
FNDA:0,removeAddress
FNDA:0,sendTicket
FNDA:0,getMFS_length
FNDA:0,getMFS_list
FNDA:0,getMFS_listInv
DA:68,0
DA:70,0
DA:71,0
DA:77,0
DA:82,0
DA:85,0
DA:86,0
DA:92,0
DA:93,0
DA:104,0
DA:114,0
DA:124,0
DA:134,0
DA:144,0
DA:154,0
LF:15
LH:0
BRDA:68,1,0,0
BRDA:68,1,1,0
BRF:2
BRH:0
end_of_record
TN:
SF:/home/c-ubuntu/code/remixd/metanoia/contracts/Moderated Uris.sol
FN:15,makeApprovedUriListsAppendOnly
FN:59,__entryExists
FN:67,__makeEntry
FN:95,__updateEntry
FN:104,__getEntry
FN:113,__entryIsGlobal
FN:121,_entryExists
FN:127,_entryIsGlobal
FN:133,_getEntry
FN:139,_makeEntry
FN:151,_updateEntry
FN:157,_isIdUriPairApproved
FN:176,_getAllApprovedUrisFromId
FN:209,_getAllApprovedIdsFromUri
FN:233,_unapproveUriForAllIds
FN:245,_unapproveAllUrisForId
FN:259,_setIdUriPairApproval
FN:270,isMetadataApprovedForId
FN:282,isMetadataApprovedForAll
FN:287,getAllGloballyApprovedMetadata
FN:292,getAllApprovedMetadatasForId
FN:301,getAllApprovedIdsForMetadata
FN:307,approveMetadatForId
FN:319,approveMetadatForAll
FN:331,unapproveMetadatForId
FN:342,unapproveMetadataForAll
FN:354,unapproveAllMetadataForId
FNF:27
FNH:0
FNDA:0,makeApprovedUriListsAppendOnly
FNDA:0,__entryExists
FNDA:0,__makeEntry
FNDA:0,__updateEntry
FNDA:0,__getEntry
FNDA:0,__entryIsGlobal
FNDA:0,_entryExists
FNDA:0,_entryIsGlobal
FNDA:0,_getEntry
FNDA:0,_makeEntry
FNDA:0,_updateEntry
FNDA:0,_isIdUriPairApproved
FNDA:0,_getAllApprovedUrisFromId
FNDA:0,_getAllApprovedIdsFromUri
FNDA:0,_unapproveUriForAllIds
FNDA:0,_unapproveAllUrisForId
FNDA:0,_setIdUriPairApproval
FNDA:0,isMetadataApprovedForId
FNDA:0,isMetadataApprovedForAll
FNDA:0,getAllGloballyApprovedMetadata
FNDA:0,getAllApprovedMetadatasForId
FNDA:0,getAllApprovedIdsForMetadata
FNDA:0,approveMetadatForId
FNDA:0,approveMetadatForAll
FNDA:0,unapproveMetadatForId
FNDA:0,unapproveMetadataForAll
FNDA:0,unapproveAllMetadataForId
DA:16,0
DA:61,0
DA:70,0
DA:71,0
DA:78,0
DA:83,0
DA:91,0
DA:97,0
DA:99,0
DA:106,0
DA:107,0
DA:110,0
DA:115,0
DA:123,0
DA:124,0
DA:129,0
DA:130,0
DA:135,0
DA:136,0
DA:141,0
DA:145,0
DA:146,0
DA:147,0
DA:148,0
DA:153,0
DA:154,0
DA:159,0
DA:178,0
DA:179,0
DA:180,0
DA:182,0
DA:183,0
DA:184,0
DA:185,0
DA:186,0
DA:187,0
DA:188,0
DA:191,0
DA:213,0
DA:214,0
DA:219,0
DA:221,0
DA:222,0
DA:223,0
DA:224,0
DA:225,0
DA:226,0
DA:227,0
DA:230,0
DA:237,0
DA:238,0
DA:239,0
DA:240,0
DA:247,0
DA:248,0
DA:249,0
DA:261,0
DA:262,0
DA:265,0
DA:272,0
DA:273,0
DA:275,0
DA:284,0
DA:289,0
DA:294,0
DA:295,0
DA:297,0
DA:303,0
DA:309,0
DA:315,0
DA:321,0
DA:327,0
DA:333,0
DA:338,0
DA:344,0
DA:349,0
DA:356,0
DA:361,0
LF:78
LH:0
BRDA:70,1,0,0
BRDA:70,1,1,0
BRDA:78,2,0,0
BRDA:78,2,1,0
BRDA:97,3,0,0
BRDA:97,3,1,0
BRDA:106,4,0,0
BRDA:106,4,1,0
BRDA:107,5,0,0
BRDA:107,5,1,0
BRDA:141,6,0,0
BRDA:141,6,1,0
BRDA:179,7,0,0
BRDA:179,7,1,0
BRDA:186,8,0,0
BRDA:186,8,1,0
BRDA:214,9,0,0
BRDA:214,9,1,0
BRDA:225,10,0,0
BRDA:225,10,1,0
BRDA:239,11,0,0
BRDA:239,11,1,0
BRDA:261,12,0,0
BRDA:261,12,1,0
BRDA:272,13,0,0
BRDA:272,13,1,0
BRDA:294,14,0,0
BRDA:294,14,1,0
BRDA:309,15,0,0
BRDA:309,15,1,0
BRDA:321,16,0,0
BRDA:321,16,1,0
BRDA:333,17,0,0
BRDA:333,17,1,0
BRDA:344,18,0,0
BRDA:344,18,1,0
BRDA:356,19,0,0
BRDA:356,19,1,0
BRF:38
BRH:0
end_of_record
TN:
SF:/home/c-ubuntu/code/remixd/metanoia/contracts/OnChainNftPrototype.sol
FN:17,encode
FN:70,decode
FN:155,getNftType
FN:159,constructor
FN:168,mintNewTicketCollection
FN:174,_mintWithAttributes
FN:187,setAttributes
FN:212,uri
FN:228,uint2str
FN:250,bool2str
FNF:10
FNH:0
FNDA:0,encode
FNDA:0,decode
FNDA:0,getNftType
FNDA:0,constructor
FNDA:0,mintNewTicketCollection
FNDA:0,_mintWithAttributes
FNDA:0,setAttributes
FNDA:0,uri
FNDA:0,uint2str
FNDA:0,bool2str
DA:18,0
DA:21,0
DA:24,0
DA:27,0
DA:29,0
DA:67,0
DA:71,0
DA:73,0
DA:74,0
DA:77,0
DA:80,0
DA:83,0
DA:85,0
DA:130,0
DA:156,0
DA:161,0
DA:163,0
DA:164,0
DA:165,0
DA:169,0
DA:170,0
DA:171,0
DA:182,0
DA:183,0
DA:184,0
DA:188,0
DA:189,0
DA:190,0
DA:192,0
DA:193,0
DA:194,0
DA:195,0
DA:196,0
DA:198,0
DA:199,0
DA:200,0
DA:201,0
DA:203,0
DA:204,0
DA:205,0
DA:206,0
DA:208,0
DA:213,0
DA:225,0
DA:229,0
DA:230,0
DA:232,0
DA:233,0
DA:234,0
DA:235,0
DA:236,0
DA:238,0
DA:239,0
DA:240,0
DA:241,0
DA:242,0
DA:243,0
DA:244,0
DA:245,0
DA:247,0
DA:251,0
DA:252,0
DA:254,0
LF:63
LH:0
BRDA:18,1,0,0
BRDA:18,1,1,0
BRDA:73,2,0,0
BRDA:73,2,1,0
BRDA:74,3,0,0
BRDA:74,3,1,0
BRDA:170,4,0,0
BRDA:170,4,1,0
BRDA:182,5,0,0
BRDA:182,5,1,0
BRDA:192,6,0,0
BRDA:192,6,1,0
BRDA:197,7,0,0
BRDA:197,7,1,0
BRDA:202,8,0,0
BRDA:202,8,1,0
BRDA:229,9,0,0
BRDA:229,9,1,0
BRDA:251,10,0,0
BRDA:251,10,1,0
BRF:20
BRH:0
end_of_record
TN:
SF:/home/c-ubuntu/code/remixd/metanoia/contracts/POC ERC1155 Creator v0.1.sol
FN:23,getNftType
FN:27,constructor
FN:40,mintNewTicketCollection
FN:47,sendTicket
FNF:4
FNH:0
FNDA:0,getNftType
FNDA:0,constructor
FNDA:0,mintNewTicketCollection
FNDA:0,sendTicket
DA:24,0
DA:29,0
DA:30,0
DA:35,0
DA:36,0
DA:37,0
DA:41,0
DA:42,0
DA:43,0
DA:44,0
DA:48,0
LF:11
LH:0
BRDA:42,1,0,0
BRDA:42,1,1,0
BRF:2
BRH:0
end_of_record
TN:
SF:/home/c-ubuntu/code/remixd/metanoia/contracts/POC ERC1155Creator.sol
FN:33,getNftType
FN:37,constructor
FN:50,mintNewTicketCollection
FN:59,_mintWithAttributes
FN:72,setAttributes
FN:97,uri
FN:116,uint2str
FN:138,bool2str
FN:154,encode
FN:207,decode
FNF:10
FNH:0
FNDA:0,getNftType
FNDA:0,constructor
FNDA:0,mintNewTicketCollection
FNDA:0,_mintWithAttributes
FNDA:0,setAttributes
FNDA:0,uri
FNDA:0,uint2str
FNDA:0,bool2str
FNDA:0,encode
FNDA:0,decode
DA:34,0
DA:39,0
DA:40,0
DA:45,0
DA:46,0
DA:47,0
DA:51,0
DA:52,0
DA:53,0
DA:54,0
DA:55,0
DA:56,0
DA:67,0
DA:68,0
DA:69,0
DA:73,0
DA:74,0
DA:75,0
DA:77,0
DA:78,0
DA:79,0
DA:80,0
DA:81,0
DA:83,0
DA:84,0
DA:85,0
DA:86,0
DA:88,0
DA:89,0
DA:90,0
DA:91,0
DA:93,0
DA:98,0
DA:113,0
DA:117,0
DA:118,0
DA:120,0
DA:121,0
DA:122,0
DA:123,0
DA:124,0
DA:126,0
DA:127,0
DA:128,0
DA:129,0
DA:130,0
DA:131,0
DA:132,0
DA:133,0
DA:135,0
DA:139,0
DA:140,0
DA:142,0
DA:155,0
DA:158,0
DA:161,0
DA:164,0
DA:166,0
DA:204,0
DA:208,0
DA:210,0
DA:211,0
DA:214,0
DA:217,0
DA:220,0
DA:222,0
DA:267,0
LF:67
LH:0
BRDA:51,1,0,0
BRDA:51,1,1,0
BRDA:52,2,0,0
BRDA:52,2,1,0
BRDA:67,3,0,0
BRDA:67,3,1,0
BRDA:77,4,0,0
BRDA:77,4,1,0
BRDA:82,5,0,0
BRDA:82,5,1,0
BRDA:87,6,0,0
BRDA:87,6,1,0
BRDA:117,7,0,0
BRDA:117,7,1,0
BRDA:139,8,0,0
BRDA:139,8,1,0
BRDA:155,9,0,0
BRDA:155,9,1,0
BRDA:210,10,0,0
BRDA:210,10,1,0
BRDA:211,11,0,0
BRDA:211,11,1,0
BRF:22
BRH:0
end_of_record
TN:
SF:/home/c-ubuntu/code/remixd/metanoia/contracts/USDC Escrow Storage.sol
FN:45,onlyOnce
FN:51,initialize
FN:58,receiveUSDC
FN:66,refundUsdcTo
FN:71,getUsdcBalance
FN:75,transferUsdcBalance
FN:85,increaseUsdcBalance
FN:95,decreaseUsdcBalance
FN:112,
FNF:9
FNH:0
FNDA:0,onlyOnce
FNDA:0,initialize
FNDA:0,receiveUSDC
FNDA:0,refundUsdcTo
FNDA:0,getUsdcBalance
FNDA:0,transferUsdcBalance
FNDA:0,increaseUsdcBalance
FNDA:0,decreaseUsdcBalance
FNDA:0,
DA:46,0
DA:47,0
DA:48,0
DA:52,0
DA:53,0
DA:59,0
DA:61,0
DA:62,0
DA:67,0
DA:68,0
DA:72,0
DA:76,0
DA:81,0
DA:82,0
DA:86,0
DA:91,0
DA:92,0
DA:96,0
DA:101,0
DA:102,0
DA:105,0
DA:109,0
DA:113,0
LF:23
LH:0
BRDA:46,1,0,0
BRDA:46,1,1,0
BRDA:59,2,0,0
BRDA:59,2,1,0
BRDA:76,3,0,0
BRDA:76,3,1,0
BRDA:86,4,0,0
BRDA:86,4,1,0
BRDA:91,5,0,0
BRDA:91,5,1,0
BRDA:96,6,0,0
BRDA:96,6,1,0
BRDA:101,7,0,0
BRDA:101,7,1,0
BRDA:102,8,0,0
BRDA:102,8,1,0
BRF:16
BRH:0
end_of_record
